{"C:\\Users\\Dashboard\\bootcamp\\andela\\iReporter\\server\\test\\A-Index.js":{"path":"C:\\Users\\Dashboard\\bootcamp\\andela\\iReporter\\server\\test\\A-Index.js","statementMap":{"0":{"start":{"line":3,"column":13},"end":{"line":3,"column":29}},"1":{"start":{"line":5,"column":12},"end":{"line":5,"column":27}},"2":{"start":{"line":7,"column":16},"end":{"line":7,"column":36}},"3":{"start":{"line":9,"column":17},"end":{"line":9,"column":50}},"4":{"start":{"line":11,"column":20},"end":{"line":11,"column":49}},"5":{"start":{"line":13,"column":21},"end":{"line":13,"column":58}},"6":{"start":{"line":15,"column":11},"end":{"line":15,"column":28}},"7":{"start":{"line":17,"column":12},"end":{"line":17,"column":40}},"8":{"start":{"line":19,"column":39},"end":{"line":19,"column":93}},"9":{"start":{"line":21,"column":0},"end":{"line":21,"column":35}},"10":{"start":{"line":23,"column":0},"end":{"line":43,"column":3}},"11":{"start":{"line":24,"column":2},"end":{"line":27,"column":5}},"12":{"start":{"line":25,"column":4},"end":{"line":25,"column":42}},"13":{"start":{"line":26,"column":4},"end":{"line":26,"column":11}},"14":{"start":{"line":28,"column":2},"end":{"line":34,"column":5}},"15":{"start":{"line":29,"column":4},"end":{"line":33,"column":7}},"16":{"start":{"line":30,"column":6},"end":{"line":30,"column":42}},"17":{"start":{"line":31,"column":6},"end":{"line":31,"column":67}},"18":{"start":{"line":32,"column":6},"end":{"line":32,"column":16}},"19":{"start":{"line":36,"column":2},"end":{"line":42,"column":5}},"20":{"start":{"line":37,"column":4},"end":{"line":41,"column":7}},"21":{"start":{"line":38,"column":6},"end":{"line":38,"column":42}},"22":{"start":{"line":39,"column":6},"end":{"line":39,"column":69}},"23":{"start":{"line":40,"column":6},"end":{"line":40,"column":16}}},"fnMap":{"0":{"name":"_interopRequireDefault","decl":{"start":{"line":19,"column":9},"end":{"line":19,"column":31}},"loc":{"start":{"line":19,"column":37},"end":{"line":19,"column":95}},"line":19},"1":{"name":"(anonymous_1)","decl":{"start":{"line":23,"column":37},"end":{"line":23,"column":38}},"loc":{"start":{"line":23,"column":49},"end":{"line":43,"column":1}},"line":23},"2":{"name":"(anonymous_2)","decl":{"start":{"line":24,"column":21},"end":{"line":24,"column":22}},"loc":{"start":{"line":24,"column":37},"end":{"line":27,"column":3}},"line":24},"3":{"name":"(anonymous_3)","decl":{"start":{"line":28,"column":74},"end":{"line":28,"column":75}},"loc":{"start":{"line":28,"column":90},"end":{"line":34,"column":3}},"line":28},"4":{"name":"(anonymous_4)","decl":{"start":{"line":29,"column":58},"end":{"line":29,"column":59}},"loc":{"start":{"line":29,"column":78},"end":{"line":33,"column":5}},"line":29},"5":{"name":"(anonymous_5)","decl":{"start":{"line":36,"column":63},"end":{"line":36,"column":64}},"loc":{"start":{"line":36,"column":79},"end":{"line":42,"column":3}},"line":36},"6":{"name":"(anonymous_6)","decl":{"start":{"line":37,"column":67},"end":{"line":37,"column":68}},"loc":{"start":{"line":37,"column":87},"end":{"line":41,"column":5}},"line":37}},"branchMap":{"0":{"loc":{"start":{"line":19,"column":46},"end":{"line":19,"column":92}},"type":"cond-expr","locations":[{"start":{"line":19,"column":70},"end":{"line":19,"column":73}},{"start":{"line":19,"column":76},"end":{"line":19,"column":92}}],"line":19},"1":{"loc":{"start":{"line":19,"column":46},"end":{"line":19,"column":67}},"type":"binary-expr","locations":[{"start":{"line":19,"column":46},"end":{"line":19,"column":49}},{"start":{"line":19,"column":53},"end":{"line":19,"column":67}}],"line":19}},"s":{"0":1,"1":1,"2":1,"3":1,"4":1,"5":1,"6":1,"7":1,"8":3,"9":1,"10":1,"11":1,"12":1,"13":1,"14":1,"15":1,"16":1,"17":1,"18":1,"19":1,"20":1,"21":1,"22":1,"23":1},"f":{"0":3,"1":1,"2":1,"3":1,"4":1,"5":1,"6":1},"b":{"0":[2,1],"1":[3,3]},"_coverageSchema":"43e27e138ebf9cfc5966b082cf9a028302ed4184","hash":"dc86607fd45184186e230ba3f8c6152341955de3","contentHash":"bfd8f58ae5b41d34aca3795e53ab7313"},"C:\\Users\\Dashboard\\bootcamp\\andela\\iReporter\\server\\db\\createTables.js":{"path":"C:\\Users\\Dashboard\\bootcamp\\andela\\iReporter\\server\\db\\createTables.js","statementMap":{"0":{"start":{"line":3,"column":0},"end":{"line":5,"column":3}},"1":{"start":{"line":7,"column":14},"end":{"line":7,"column":31}},"2":{"start":{"line":9,"column":15},"end":{"line":9,"column":46}},"3":{"start":{"line":11,"column":26},"end":{"line":11,"column":59}},"4":{"start":{"line":13,"column":27},"end":{"line":13,"column":70}},"5":{"start":{"line":15,"column":20},"end":{"line":15,"column":46}},"6":{"start":{"line":17,"column":21},"end":{"line":17,"column":58}},"7":{"start":{"line":19,"column":39},"end":{"line":19,"column":93}},"8":{"start":{"line":21,"column":0},"end":{"line":21,"column":26}},"9":{"start":{"line":22,"column":11},"end":{"line":22,"column":40}},"10":{"start":{"line":24,"column":0},"end":{"line":34,"column":2}},"11":{"start":{"line":26,"column":4},"end":{"line":32,"column":7}},"12":{"start":{"line":27,"column":6},"end":{"line":27,"column":23}},"13":{"start":{"line":28,"column":6},"end":{"line":28,"column":17}},"14":{"start":{"line":30,"column":6},"end":{"line":30,"column":23}},"15":{"start":{"line":31,"column":6},"end":{"line":31,"column":17}}},"fnMap":{"0":{"name":"_interopRequireDefault","decl":{"start":{"line":19,"column":9},"end":{"line":19,"column":31}},"loc":{"start":{"line":19,"column":37},"end":{"line":19,"column":95}},"line":19},"1":{"name":"createTables","decl":{"start":{"line":25,"column":25},"end":{"line":25,"column":37}},"loc":{"start":{"line":25,"column":40},"end":{"line":33,"column":3}},"line":25},"2":{"name":"(anonymous_2)","decl":{"start":{"line":26,"column":50},"end":{"line":26,"column":51}},"loc":{"start":{"line":26,"column":65},"end":{"line":29,"column":5}},"line":26},"3":{"name":"(anonymous_3)","decl":{"start":{"line":29,"column":13},"end":{"line":29,"column":14}},"loc":{"start":{"line":29,"column":28},"end":{"line":32,"column":5}},"line":29}},"branchMap":{"0":{"loc":{"start":{"line":19,"column":46},"end":{"line":19,"column":92}},"type":"cond-expr","locations":[{"start":{"line":19,"column":70},"end":{"line":19,"column":73}},{"start":{"line":19,"column":76},"end":{"line":19,"column":92}}],"line":19},"1":{"loc":{"start":{"line":19,"column":46},"end":{"line":19,"column":67}},"type":"binary-expr","locations":[{"start":{"line":19,"column":46},"end":{"line":19,"column":49}},{"start":{"line":19,"column":53},"end":{"line":19,"column":67}}],"line":19}},"s":{"0":1,"1":1,"2":1,"3":1,"4":1,"5":1,"6":1,"7":3,"8":1,"9":1,"10":1,"11":1,"12":1,"13":1,"14":0,"15":0},"f":{"0":3,"1":1,"2":1,"3":0},"b":{"0":[2,1],"1":[3,3]},"_coverageSchema":"43e27e138ebf9cfc5966b082cf9a028302ed4184","hash":"130c468b144b8dd65480dcbf5324abd5ae422d04","contentHash":"f475d6766753369857e4650c66cba26d"},"C:\\Users\\Dashboard\\bootcamp\\andela\\iReporter\\server\\db\\create-table-queries.js":{"path":"C:\\Users\\Dashboard\\bootcamp\\andela\\iReporter\\server\\db\\create-table-queries.js","statementMap":{"0":{"start":{"line":3,"column":0},"end":{"line":5,"column":3}},"1":{"start":{"line":7,"column":17},"end":{"line":7,"column":460}},"2":{"start":{"line":9,"column":20},"end":{"line":9,"column":404}},"3":{"start":{"line":10,"column":25},"end":{"line":10,"column":56}},"4":{"start":{"line":11,"column":0},"end":{"line":11,"column":37}}},"fnMap":{},"branchMap":{},"s":{"0":1,"1":1,"2":1,"3":1,"4":1},"f":{},"b":{},"_coverageSchema":"43e27e138ebf9cfc5966b082cf9a028302ed4184","hash":"651a06c477bce3b76526028fe4420956aa924581","contentHash":"1a15e9ece800a099e353ad2397966e4a"},"C:\\Users\\Dashboard\\bootcamp\\andela\\iReporter\\server\\db\\db-connection.js":{"path":"C:\\Users\\Dashboard\\bootcamp\\andela\\iReporter\\server\\db\\db-connection.js","statementMap":{"0":{"start":{"line":3,"column":0},"end":{"line":5,"column":3}},"1":{"start":{"line":7,"column":19},"end":{"line":7,"column":563}},"2":{"start":{"line":7,"column":76},"end":{"line":7,"column":347}},"3":{"start":{"line":7,"column":134},"end":{"line":7,"column":142}},"4":{"start":{"line":7,"column":144},"end":{"line":7,"column":199}},"5":{"start":{"line":7,"column":200},"end":{"line":7,"column":231}},"6":{"start":{"line":7,"column":232},"end":{"line":7,"column":286}},"7":{"start":{"line":7,"column":259},"end":{"line":7,"column":286}},"8":{"start":{"line":7,"column":287},"end":{"line":7,"column":345}},"9":{"start":{"line":7,"column":350},"end":{"line":7,"column":559}},"10":{"start":{"line":7,"column":407},"end":{"line":7,"column":475}},"11":{"start":{"line":7,"column":423},"end":{"line":7,"column":475}},"12":{"start":{"line":7,"column":476},"end":{"line":7,"column":536}},"13":{"start":{"line":7,"column":493},"end":{"line":7,"column":536}},"14":{"start":{"line":7,"column":537},"end":{"line":7,"column":556}},"15":{"start":{"line":9,"column":10},"end":{"line":9,"column":23}},"16":{"start":{"line":11,"column":50},"end":{"line":11,"column":151}},"17":{"start":{"line":11,"column":92},"end":{"line":11,"column":149}},"18":{"start":{"line":13,"column":9},"end":{"line":41,"column":3}},"19":{"start":{"line":15,"column":4},"end":{"line":15,"column":30}},"20":{"start":{"line":18,"column":2},"end":{"line":38,"column":6}},"21":{"start":{"line":21,"column":17},"end":{"line":21,"column":23}},"22":{"start":{"line":22,"column":6},"end":{"line":35,"column":7}},"23":{"start":{"line":23,"column":8},"end":{"line":25,"column":11}},"24":{"start":{"line":27,"column":13},"end":{"line":35,"column":7}},"25":{"start":{"line":28,"column":8},"end":{"line":30,"column":11}},"26":{"start":{"line":32,"column":8},"end":{"line":34,"column":11}},"27":{"start":{"line":36,"column":6},"end":{"line":36,"column":18}},"28":{"start":{"line":40,"column":2},"end":{"line":40,"column":12}},"29":{"start":{"line":43,"column":0},"end":{"line":43,"column":31}}},"fnMap":{"0":{"name":"(anonymous_0)","decl":{"start":{"line":7,"column":19},"end":{"line":7,"column":20}},"loc":{"start":{"line":7,"column":31},"end":{"line":7,"column":561}},"line":7},"1":{"name":"defineProperties","decl":{"start":{"line":7,"column":42},"end":{"line":7,"column":58}},"loc":{"start":{"line":7,"column":74},"end":{"line":7,"column":349}},"line":7},"2":{"name":"(anonymous_2)","decl":{"start":{"line":7,"column":357},"end":{"line":7,"column":358}},"loc":{"start":{"line":7,"column":405},"end":{"line":7,"column":558}},"line":7},"3":{"name":"_classCallCheck","decl":{"start":{"line":11,"column":9},"end":{"line":11,"column":24}},"loc":{"start":{"line":11,"column":48},"end":{"line":11,"column":153}},"line":11},"4":{"name":"(anonymous_4)","decl":{"start":{"line":13,"column":9},"end":{"line":13,"column":10}},"loc":{"start":{"line":13,"column":21},"end":{"line":41,"column":1}},"line":13},"5":{"name":"Db","decl":{"start":{"line":14,"column":11},"end":{"line":14,"column":13}},"loc":{"start":{"line":14,"column":16},"end":{"line":16,"column":3}},"line":14},"6":{"name":"dbConnect","decl":{"start":{"line":20,"column":20},"end":{"line":20,"column":29}},"loc":{"start":{"line":20,"column":32},"end":{"line":37,"column":5}},"line":20}},"branchMap":{"0":{"loc":{"start":{"line":7,"column":168},"end":{"line":7,"column":198}},"type":"binary-expr","locations":[{"start":{"line":7,"column":168},"end":{"line":7,"column":189}},{"start":{"line":7,"column":193},"end":{"line":7,"column":198}}],"line":7},"1":{"loc":{"start":{"line":7,"column":232},"end":{"line":7,"column":286}},"type":"if","locations":[{"start":{"line":7,"column":232},"end":{"line":7,"column":286}},{"start":{"line":7,"column":232},"end":{"line":7,"column":286}}],"line":7},"2":{"loc":{"start":{"line":7,"column":407},"end":{"line":7,"column":475}},"type":"if","locations":[{"start":{"line":7,"column":407},"end":{"line":7,"column":475}},{"start":{"line":7,"column":407},"end":{"line":7,"column":475}}],"line":7},"3":{"loc":{"start":{"line":7,"column":476},"end":{"line":7,"column":536}},"type":"if","locations":[{"start":{"line":7,"column":476},"end":{"line":7,"column":536}},{"start":{"line":7,"column":476},"end":{"line":7,"column":536}}],"line":7},"4":{"loc":{"start":{"line":11,"column":50},"end":{"line":11,"column":151}},"type":"if","locations":[{"start":{"line":11,"column":50},"end":{"line":11,"column":151}},{"start":{"line":11,"column":50},"end":{"line":11,"column":151}}],"line":11},"5":{"loc":{"start":{"line":22,"column":6},"end":{"line":35,"column":7}},"type":"if","locations":[{"start":{"line":22,"column":6},"end":{"line":35,"column":7}},{"start":{"line":22,"column":6},"end":{"line":35,"column":7}}],"line":22},"6":{"loc":{"start":{"line":27,"column":13},"end":{"line":35,"column":7}},"type":"if","locations":[{"start":{"line":27,"column":13},"end":{"line":35,"column":7}},{"start":{"line":27,"column":13},"end":{"line":35,"column":7}}],"line":27}},"s":{"0":1,"1":1,"2":1,"3":1,"4":1,"5":1,"6":1,"7":1,"8":1,"9":1,"10":1,"11":0,"12":1,"13":1,"14":1,"15":1,"16":0,"17":0,"18":1,"19":0,"20":1,"21":4,"22":4,"23":0,"24":4,"25":4,"26":0,"27":4,"28":1,"29":1},"f":{"0":1,"1":1,"2":1,"3":0,"4":1,"5":0,"6":4},"b":{"0":[1,1],"1":[1,0],"2":[0,1],"3":[1,0],"4":[0,0],"5":[0,4],"6":[4,0]},"_coverageSchema":"43e27e138ebf9cfc5966b082cf9a028302ed4184","hash":"c832cc507251ad71c30112e265b55d9053615d71","contentHash":"76930b71c16e619499e323e8256eff11"},"C:\\Users\\Dashboard\\bootcamp\\andela\\iReporter\\server\\app.js":{"path":"C:\\Users\\Dashboard\\bootcamp\\andela\\iReporter\\server\\app.js","statementMap":{"0":{"start":{"line":3,"column":0},"end":{"line":5,"column":3}},"1":{"start":{"line":7,"column":15},"end":{"line":7,"column":33}},"2":{"start":{"line":9,"column":16},"end":{"line":9,"column":48}},"3":{"start":{"line":11,"column":12},"end":{"line":11,"column":27}},"4":{"start":{"line":13,"column":13},"end":{"line":13,"column":42}},"5":{"start":{"line":15,"column":24},"end":{"line":15,"column":53}},"6":{"start":{"line":17,"column":25},"end":{"line":17,"column":66}},"7":{"start":{"line":19,"column":13},"end":{"line":19,"column":38}},"8":{"start":{"line":21,"column":14},"end":{"line":21,"column":44}},"9":{"start":{"line":23,"column":15},"end":{"line":23,"column":41}},"10":{"start":{"line":25,"column":16},"end":{"line":25,"column":48}},"11":{"start":{"line":27,"column":17},"end":{"line":27,"column":46}},"12":{"start":{"line":29,"column":18},"end":{"line":29,"column":52}},"13":{"start":{"line":31,"column":39},"end":{"line":31,"column":93}},"14":{"start":{"line":33,"column":10},"end":{"line":33,"column":34}},"15":{"start":{"line":35,"column":0},"end":{"line":35,"column":31}},"16":{"start":{"line":37,"column":0},"end":{"line":42,"column":3}},"17":{"start":{"line":38,"column":2},"end":{"line":38,"column":49}},"18":{"start":{"line":39,"column":2},"end":{"line":39,"column":87}},"19":{"start":{"line":40,"column":2},"end":{"line":40,"column":110}},"20":{"start":{"line":41,"column":2},"end":{"line":41,"column":9}},"21":{"start":{"line":44,"column":0},"end":{"line":44,"column":30}},"22":{"start":{"line":46,"column":0},"end":{"line":46,"column":108}},"23":{"start":{"line":47,"column":0},"end":{"line":47,"column":25}},"24":{"start":{"line":48,"column":0},"end":{"line":48,"column":29}},"25":{"start":{"line":50,"column":0},"end":{"line":54,"column":3}},"26":{"start":{"line":51,"column":2},"end":{"line":53,"column":5}},"27":{"start":{"line":56,"column":0},"end":{"line":60,"column":3}},"28":{"start":{"line":57,"column":2},"end":{"line":59,"column":5}},"29":{"start":{"line":61,"column":11},"end":{"line":61,"column":35}},"30":{"start":{"line":62,"column":0},"end":{"line":64,"column":3}},"31":{"start":{"line":63,"column":2},"end":{"line":63,"column":50}},"32":{"start":{"line":66,"column":0},"end":{"line":66,"column":22}}},"fnMap":{"0":{"name":"_interopRequireDefault","decl":{"start":{"line":31,"column":9},"end":{"line":31,"column":31}},"loc":{"start":{"line":31,"column":37},"end":{"line":31,"column":95}},"line":31},"1":{"name":"(anonymous_1)","decl":{"start":{"line":37,"column":8},"end":{"line":37,"column":9}},"loc":{"start":{"line":37,"column":34},"end":{"line":42,"column":1}},"line":37},"2":{"name":"(anonymous_2)","decl":{"start":{"line":50,"column":20},"end":{"line":50,"column":21}},"loc":{"start":{"line":50,"column":40},"end":{"line":54,"column":1}},"line":50},"3":{"name":"(anonymous_3)","decl":{"start":{"line":56,"column":13},"end":{"line":56,"column":14}},"loc":{"start":{"line":56,"column":33},"end":{"line":60,"column":1}},"line":56},"4":{"name":"(anonymous_4)","decl":{"start":{"line":62,"column":17},"end":{"line":62,"column":18}},"loc":{"start":{"line":62,"column":29},"end":{"line":64,"column":1}},"line":62}},"branchMap":{"0":{"loc":{"start":{"line":31,"column":46},"end":{"line":31,"column":92}},"type":"cond-expr","locations":[{"start":{"line":31,"column":70},"end":{"line":31,"column":73}},{"start":{"line":31,"column":76},"end":{"line":31,"column":92}}],"line":31},"1":{"loc":{"start":{"line":31,"column":46},"end":{"line":31,"column":67}},"type":"binary-expr","locations":[{"start":{"line":31,"column":46},"end":{"line":31,"column":49}},{"start":{"line":31,"column":53},"end":{"line":31,"column":67}}],"line":31},"2":{"loc":{"start":{"line":61,"column":11},"end":{"line":61,"column":35}},"type":"binary-expr","locations":[{"start":{"line":61,"column":11},"end":{"line":61,"column":27}},{"start":{"line":61,"column":31},"end":{"line":61,"column":35}}],"line":61}},"s":{"0":1,"1":1,"2":1,"3":1,"4":1,"5":1,"6":1,"7":1,"8":1,"9":1,"10":1,"11":1,"12":1,"13":6,"14":1,"15":1,"16":1,"17":47,"18":47,"19":47,"20":47,"21":1,"22":1,"23":1,"24":1,"25":1,"26":1,"27":1,"28":1,"29":1,"30":1,"31":1,"32":1},"f":{"0":6,"1":47,"2":1,"3":1,"4":1},"b":{"0":[2,4],"1":[6,6],"2":[1,1]},"_coverageSchema":"43e27e138ebf9cfc5966b082cf9a028302ed4184","hash":"4fd71ce316f758540270cf3948bbb4be9dc4cffb","contentHash":"a4495db1a4004041451f718864fc881e"},"C:\\Users\\Dashboard\\bootcamp\\andela\\iReporter\\server\\routes\\users.js":{"path":"C:\\Users\\Dashboard\\bootcamp\\andela\\iReporter\\server\\routes\\users.js","statementMap":{"0":{"start":{"line":3,"column":0},"end":{"line":5,"column":3}},"1":{"start":{"line":7,"column":15},"end":{"line":7,"column":33}},"2":{"start":{"line":9,"column":16},"end":{"line":9,"column":48}},"3":{"start":{"line":11,"column":13},"end":{"line":11,"column":44}},"4":{"start":{"line":13,"column":14},"end":{"line":13,"column":44}},"5":{"start":{"line":15,"column":16},"end":{"line":15,"column":49}},"6":{"start":{"line":17,"column":17},"end":{"line":17,"column":50}},"7":{"start":{"line":19,"column":39},"end":{"line":19,"column":93}},"8":{"start":{"line":21,"column":13},"end":{"line":21,"column":39}},"9":{"start":{"line":23,"column":0},"end":{"line":23,"column":94}},"10":{"start":{"line":24,"column":0},"end":{"line":24,"column":94}},"11":{"start":{"line":26,"column":0},"end":{"line":26,"column":25}}},"fnMap":{"0":{"name":"_interopRequireDefault","decl":{"start":{"line":19,"column":9},"end":{"line":19,"column":31}},"loc":{"start":{"line":19,"column":37},"end":{"line":19,"column":95}},"line":19}},"branchMap":{"0":{"loc":{"start":{"line":19,"column":46},"end":{"line":19,"column":92}},"type":"cond-expr","locations":[{"start":{"line":19,"column":70},"end":{"line":19,"column":73}},{"start":{"line":19,"column":76},"end":{"line":19,"column":92}}],"line":19},"1":{"loc":{"start":{"line":19,"column":46},"end":{"line":19,"column":67}},"type":"binary-expr","locations":[{"start":{"line":19,"column":46},"end":{"line":19,"column":49}},{"start":{"line":19,"column":53},"end":{"line":19,"column":67}}],"line":19}},"s":{"0":1,"1":1,"2":1,"3":1,"4":1,"5":1,"6":1,"7":3,"8":1,"9":1,"10":1,"11":1},"f":{"0":3},"b":{"0":[2,1],"1":[3,3]},"_coverageSchema":"43e27e138ebf9cfc5966b082cf9a028302ed4184","hash":"e0130f2599e6de6ed966a1f67e32ee35c05e8e99","contentHash":"a2b5a7c362099d46a27cdeaffa313bae"},"C:\\Users\\Dashboard\\bootcamp\\andela\\iReporter\\server\\controllers\\users.js":{"path":"C:\\Users\\Dashboard\\bootcamp\\andela\\iReporter\\server\\controllers\\users.js","statementMap":{"0":{"start":{"line":3,"column":0},"end":{"line":5,"column":3}},"1":{"start":{"line":7,"column":14},"end":{"line":7,"column":31}},"2":{"start":{"line":9,"column":15},"end":{"line":9,"column":46}},"3":{"start":{"line":11,"column":20},"end":{"line":11,"column":50}},"4":{"start":{"line":13,"column":21},"end":{"line":13,"column":58}},"5":{"start":{"line":15,"column":13},"end":{"line":15,"column":43}},"6":{"start":{"line":17,"column":14},"end":{"line":17,"column":44}},"7":{"start":{"line":19,"column":22},"end":{"line":19,"column":61}},"8":{"start":{"line":21,"column":23},"end":{"line":21,"column":62}},"9":{"start":{"line":23,"column":18},"end":{"line":23,"column":42}},"10":{"start":{"line":25,"column":19},"end":{"line":25,"column":54}},"11":{"start":{"line":27,"column":39},"end":{"line":27,"column":93}},"12":{"start":{"line":29,"column":11},"end":{"line":29,"column":40}},"13":{"start":{"line":30,"column":0},"end":{"line":30,"column":26}},"14":{"start":{"line":32,"column":0},"end":{"line":125,"column":2}},"15":{"start":{"line":41,"column":20},"end":{"line":41,"column":28}},"16":{"start":{"line":42,"column":20},"end":{"line":42,"column":39}},"17":{"start":{"line":43,"column":19},"end":{"line":43,"column":37}},"18":{"start":{"line":44,"column":16},"end":{"line":44,"column":31}},"19":{"start":{"line":45,"column":20},"end":{"line":45,"column":39}},"20":{"start":{"line":46,"column":19},"end":{"line":46,"column":37}},"21":{"start":{"line":47,"column":22},"end":{"line":47,"column":43}},"22":{"start":{"line":48,"column":19},"end":{"line":48,"column":37}},"23":{"start":{"line":50,"column":18},"end":{"line":50,"column":65}},"24":{"start":{"line":51,"column":4},"end":{"line":67,"column":7}},"25":{"start":{"line":52,"column":6},"end":{"line":57,"column":7}},"26":{"start":{"line":53,"column":8},"end":{"line":53,"column":25}},"27":{"start":{"line":54,"column":8},"end":{"line":56,"column":11}},"28":{"start":{"line":58,"column":18},"end":{"line":58,"column":76}},"29":{"start":{"line":59,"column":6},"end":{"line":66,"column":9}},"30":{"start":{"line":77,"column":21},"end":{"line":77,"column":29}},"31":{"start":{"line":78,"column":16},"end":{"line":78,"column":32}},"32":{"start":{"line":79,"column":19},"end":{"line":79,"column":38}},"33":{"start":{"line":81,"column":4},"end":{"line":123,"column":7}},"34":{"start":{"line":82,"column":6},"end":{"line":87,"column":7}},"35":{"start":{"line":83,"column":8},"end":{"line":83,"column":25}},"36":{"start":{"line":84,"column":8},"end":{"line":86,"column":11}},"37":{"start":{"line":88,"column":17},"end":{"line":88,"column":33}},"38":{"start":{"line":89,"column":6},"end":{"line":94,"column":7}},"39":{"start":{"line":90,"column":8},"end":{"line":93,"column":11}},"40":{"start":{"line":95,"column":30},"end":{"line":95,"column":55}},"41":{"start":{"line":96,"column":28},"end":{"line":96,"column":95}},"42":{"start":{"line":97,"column":6},"end":{"line":102,"column":7}},"43":{"start":{"line":98,"column":8},"end":{"line":101,"column":11}},"44":{"start":{"line":103,"column":28},"end":{"line":103,"column":44}},"45":{"start":{"line":104,"column":15},"end":{"line":104,"column":33}},"46":{"start":{"line":105,"column":21},"end":{"line":105,"column":45}},"47":{"start":{"line":106,"column":20},"end":{"line":106,"column":43}},"48":{"start":{"line":108,"column":20},"end":{"line":112,"column":7}},"49":{"start":{"line":113,"column":18},"end":{"line":113,"column":56}},"50":{"start":{"line":115,"column":6},"end":{"line":122,"column":9}}},"fnMap":{"0":{"name":"_interopRequireDefault","decl":{"start":{"line":27,"column":9},"end":{"line":27,"column":31}},"loc":{"start":{"line":27,"column":37},"end":{"line":27,"column":95}},"line":27},"1":{"name":"registerUser","decl":{"start":{"line":40,"column":25},"end":{"line":40,"column":37}},"loc":{"start":{"line":40,"column":48},"end":{"line":68,"column":3}},"line":40},"2":{"name":"(anonymous_2)","decl":{"start":{"line":51,"column":126},"end":{"line":51,"column":127}},"loc":{"start":{"line":51,"column":151},"end":{"line":67,"column":5}},"line":51},"3":{"name":"login","decl":{"start":{"line":76,"column":18},"end":{"line":76,"column":23}},"loc":{"start":{"line":76,"column":34},"end":{"line":124,"column":3}},"line":76},"4":{"name":"(anonymous_4)","decl":{"start":{"line":81,"column":57},"end":{"line":81,"column":58}},"loc":{"start":{"line":81,"column":82},"end":{"line":123,"column":5}},"line":81}},"branchMap":{"0":{"loc":{"start":{"line":27,"column":46},"end":{"line":27,"column":92}},"type":"cond-expr","locations":[{"start":{"line":27,"column":70},"end":{"line":27,"column":73}},{"start":{"line":27,"column":76},"end":{"line":27,"column":92}}],"line":27},"1":{"loc":{"start":{"line":27,"column":46},"end":{"line":27,"column":67}},"type":"binary-expr","locations":[{"start":{"line":27,"column":46},"end":{"line":27,"column":49}},{"start":{"line":27,"column":53},"end":{"line":27,"column":67}}],"line":27},"2":{"loc":{"start":{"line":52,"column":6},"end":{"line":57,"column":7}},"type":"if","locations":[{"start":{"line":52,"column":6},"end":{"line":57,"column":7}},{"start":{"line":52,"column":6},"end":{"line":57,"column":7}}],"line":52},"3":{"loc":{"start":{"line":82,"column":6},"end":{"line":87,"column":7}},"type":"if","locations":[{"start":{"line":82,"column":6},"end":{"line":87,"column":7}},{"start":{"line":82,"column":6},"end":{"line":87,"column":7}}],"line":82},"4":{"loc":{"start":{"line":89,"column":6},"end":{"line":94,"column":7}},"type":"if","locations":[{"start":{"line":89,"column":6},"end":{"line":94,"column":7}},{"start":{"line":89,"column":6},"end":{"line":94,"column":7}}],"line":89},"5":{"loc":{"start":{"line":97,"column":6},"end":{"line":102,"column":7}},"type":"if","locations":[{"start":{"line":97,"column":6},"end":{"line":102,"column":7}},{"start":{"line":97,"column":6},"end":{"line":102,"column":7}}],"line":97}},"s":{"0":1,"1":1,"2":1,"3":1,"4":1,"5":1,"6":1,"7":1,"8":1,"9":1,"10":1,"11":5,"12":1,"13":1,"14":1,"15":1,"16":1,"17":1,"18":1,"19":1,"20":1,"21":1,"22":1,"23":1,"24":1,"25":1,"26":0,"27":0,"28":1,"29":1,"30":7,"31":7,"32":7,"33":7,"34":7,"35":0,"36":0,"37":7,"38":7,"39":1,"40":6,"41":6,"42":6,"43":1,"44":5,"45":5,"46":5,"47":5,"48":5,"49":5,"50":5},"f":{"0":5,"1":1,"2":1,"3":7,"4":7},"b":{"0":[4,1],"1":[5,5],"2":[0,1],"3":[0,7],"4":[1,6],"5":[1,5]},"_coverageSchema":"43e27e138ebf9cfc5966b082cf9a028302ed4184","hash":"04b180282f31c394590ac58dd36f352350b66ec4","contentHash":"3e26b193a559555752b84231216bd115"},"C:\\Users\\Dashboard\\bootcamp\\andela\\iReporter\\server\\middleware\\token.js":{"path":"C:\\Users\\Dashboard\\bootcamp\\andela\\iReporter\\server\\middleware\\token.js","statementMap":{"0":{"start":{"line":3,"column":0},"end":{"line":5,"column":3}},"1":{"start":{"line":7,"column":20},"end":{"line":7,"column":43}},"2":{"start":{"line":9,"column":21},"end":{"line":9,"column":58}},"3":{"start":{"line":11,"column":14},"end":{"line":11,"column":31}},"4":{"start":{"line":13,"column":15},"end":{"line":13,"column":46}},"5":{"start":{"line":15,"column":39},"end":{"line":15,"column":93}},"6":{"start":{"line":17,"column":0},"end":{"line":17,"column":26}},"7":{"start":{"line":18,"column":13},"end":{"line":18,"column":35}},"8":{"start":{"line":20,"column":0},"end":{"line":60,"column":2}},"9":{"start":{"line":30,"column":4},"end":{"line":35,"column":5}},"10":{"start":{"line":31,"column":6},"end":{"line":34,"column":9}},"11":{"start":{"line":37,"column":16},"end":{"line":37,"column":55}},"12":{"start":{"line":38,"column":4},"end":{"line":43,"column":5}},"13":{"start":{"line":39,"column":6},"end":{"line":42,"column":9}},"14":{"start":{"line":44,"column":4},"end":{"line":52,"column":7}},"15":{"start":{"line":45,"column":6},"end":{"line":49,"column":7}},"16":{"start":{"line":46,"column":8},"end":{"line":48,"column":11}},"17":{"start":{"line":50,"column":6},"end":{"line":50,"column":25}},"18":{"start":{"line":51,"column":6},"end":{"line":51,"column":22}},"19":{"start":{"line":53,"column":4},"end":{"line":53,"column":18}},"20":{"start":{"line":57,"column":16},"end":{"line":57,"column":84}},"21":{"start":{"line":58,"column":4},"end":{"line":58,"column":17}}},"fnMap":{"0":{"name":"_interopRequireDefault","decl":{"start":{"line":15,"column":9},"end":{"line":15,"column":31}},"loc":{"start":{"line":15,"column":37},"end":{"line":15,"column":95}},"line":15},"1":{"name":"verifyToken","decl":{"start":{"line":28,"column":24},"end":{"line":28,"column":35}},"loc":{"start":{"line":28,"column":52},"end":{"line":54,"column":3}},"line":28},"2":{"name":"(anonymous_2)","decl":{"start":{"line":44,"column":49},"end":{"line":44,"column":50}},"loc":{"start":{"line":44,"column":73},"end":{"line":52,"column":5}},"line":44},"3":{"name":"generateToken","decl":{"start":{"line":56,"column":26},"end":{"line":56,"column":39}},"loc":{"start":{"line":56,"column":49},"end":{"line":59,"column":3}},"line":56}},"branchMap":{"0":{"loc":{"start":{"line":15,"column":46},"end":{"line":15,"column":92}},"type":"cond-expr","locations":[{"start":{"line":15,"column":70},"end":{"line":15,"column":73}},{"start":{"line":15,"column":76},"end":{"line":15,"column":92}}],"line":15},"1":{"loc":{"start":{"line":15,"column":46},"end":{"line":15,"column":67}},"type":"binary-expr","locations":[{"start":{"line":15,"column":46},"end":{"line":15,"column":49}},{"start":{"line":15,"column":53},"end":{"line":15,"column":67}}],"line":15},"2":{"loc":{"start":{"line":30,"column":4},"end":{"line":35,"column":5}},"type":"if","locations":[{"start":{"line":30,"column":4},"end":{"line":35,"column":5}},{"start":{"line":30,"column":4},"end":{"line":35,"column":5}}],"line":30},"3":{"loc":{"start":{"line":38,"column":4},"end":{"line":43,"column":5}},"type":"if","locations":[{"start":{"line":38,"column":4},"end":{"line":43,"column":5}},{"start":{"line":38,"column":4},"end":{"line":43,"column":5}}],"line":38},"4":{"loc":{"start":{"line":45,"column":6},"end":{"line":49,"column":7}},"type":"if","locations":[{"start":{"line":45,"column":6},"end":{"line":49,"column":7}},{"start":{"line":45,"column":6},"end":{"line":49,"column":7}}],"line":45}},"s":{"0":1,"1":1,"2":1,"3":1,"4":1,"5":2,"6":1,"7":1,"8":1,"9":29,"10":4,"11":25,"12":25,"13":0,"14":25,"15":25,"16":4,"17":21,"18":21,"19":25,"20":6,"21":6},"f":{"0":2,"1":29,"2":25,"3":6},"b":{"0":[0,2],"1":[2,2],"2":[4,25],"3":[0,25],"4":[4,21]},"_coverageSchema":"43e27e138ebf9cfc5966b082cf9a028302ed4184","hash":"2b9d423018d4b43eb6ec643e7097de189844570e","contentHash":"bf39da5f60a1fbee031edbf7af58a7b8"},"C:\\Users\\Dashboard\\bootcamp\\andela\\iReporter\\server\\middleware\\verifyPassword.js":{"path":"C:\\Users\\Dashboard\\bootcamp\\andela\\iReporter\\server\\middleware\\verifyPassword.js","statementMap":{"0":{"start":{"line":3,"column":0},"end":{"line":5,"column":3}},"1":{"start":{"line":7,"column":14},"end":{"line":7,"column":31}},"2":{"start":{"line":9,"column":15},"end":{"line":9,"column":46}},"3":{"start":{"line":11,"column":39},"end":{"line":11,"column":93}},"4":{"start":{"line":13,"column":0},"end":{"line":33,"column":2}},"5":{"start":{"line":21,"column":4},"end":{"line":21,"column":80}},"6":{"start":{"line":31,"column":4},"end":{"line":31,"column":66}}},"fnMap":{"0":{"name":"_interopRequireDefault","decl":{"start":{"line":11,"column":9},"end":{"line":11,"column":31}},"loc":{"start":{"line":11,"column":37},"end":{"line":11,"column":95}},"line":11},"1":{"name":"hidePassword","decl":{"start":{"line":20,"column":25},"end":{"line":20,"column":37}},"loc":{"start":{"line":20,"column":48},"end":{"line":22,"column":3}},"line":20},"2":{"name":"checkPassword","decl":{"start":{"line":30,"column":26},"end":{"line":30,"column":39}},"loc":{"start":{"line":30,"column":66},"end":{"line":32,"column":3}},"line":30}},"branchMap":{"0":{"loc":{"start":{"line":11,"column":46},"end":{"line":11,"column":92}},"type":"cond-expr","locations":[{"start":{"line":11,"column":70},"end":{"line":11,"column":73}},{"start":{"line":11,"column":76},"end":{"line":11,"column":92}}],"line":11},"1":{"loc":{"start":{"line":11,"column":46},"end":{"line":11,"column":67}},"type":"binary-expr","locations":[{"start":{"line":11,"column":46},"end":{"line":11,"column":49}},{"start":{"line":11,"column":53},"end":{"line":11,"column":67}}],"line":11}},"s":{"0":1,"1":1,"2":1,"3":1,"4":1,"5":1,"6":6},"f":{"0":1,"1":1,"2":6},"b":{"0":[0,1],"1":[1,1]},"_coverageSchema":"43e27e138ebf9cfc5966b082cf9a028302ed4184","hash":"fbb936c2a1ff4cfc70c1309db07dbc000a9a5858","contentHash":"ac209252c8a34ae4d46f554a296da75a"},"C:\\Users\\Dashboard\\bootcamp\\andela\\iReporter\\server\\queryutils.js":{"path":"C:\\Users\\Dashboard\\bootcamp\\andela\\iReporter\\server\\queryutils.js","statementMap":{"0":{"start":{"line":3,"column":0},"end":{"line":5,"column":3}},"1":{"start":{"line":6,"column":0},"end":{"line":24,"column":2}}},"fnMap":{},"branchMap":{},"s":{"0":1,"1":1},"f":{},"b":{},"_coverageSchema":"43e27e138ebf9cfc5966b082cf9a028302ed4184","hash":"52323b52cb6d6fe6ff27e5ff2641703130546887","contentHash":"52a1422bb2882533b95b1afe8d13a019"},"C:\\Users\\Dashboard\\bootcamp\\andela\\iReporter\\server\\middleware\\validate.js":{"path":"C:\\Users\\Dashboard\\bootcamp\\andela\\iReporter\\server\\middleware\\validate.js","statementMap":{"0":{"start":{"line":3,"column":0},"end":{"line":5,"column":3}},"1":{"start":{"line":7,"column":11},"end":{"line":7,"column":25}},"2":{"start":{"line":9,"column":12},"end":{"line":9,"column":40}},"3":{"start":{"line":11,"column":39},"end":{"line":11,"column":93}},"4":{"start":{"line":13,"column":21},"end":{"line":22,"column":1}},"5":{"start":{"line":14,"column":21},"end":{"line":14,"column":69}},"6":{"start":{"line":15,"column":2},"end":{"line":20,"column":3}},"7":{"start":{"line":16,"column":4},"end":{"line":19,"column":7}},"8":{"start":{"line":21,"column":2},"end":{"line":21,"column":22}},"9":{"start":{"line":24,"column":0},"end":{"line":143,"column":2}},"10":{"start":{"line":33,"column":17},"end":{"line":39,"column":5}},"11":{"start":{"line":40,"column":4},"end":{"line":40,"column":43}},"12":{"start":{"line":51,"column":17},"end":{"line":53,"column":5}},"13":{"start":{"line":54,"column":4},"end":{"line":54,"column":43}},"14":{"start":{"line":65,"column":17},"end":{"line":67,"column":5}},"15":{"start":{"line":68,"column":4},"end":{"line":68,"column":43}},"16":{"start":{"line":79,"column":17},"end":{"line":85,"column":5}},"17":{"start":{"line":86,"column":4},"end":{"line":86,"column":43}},"18":{"start":{"line":97,"column":17},"end":{"line":106,"column":5}},"19":{"start":{"line":107,"column":4},"end":{"line":107,"column":43}},"20":{"start":{"line":118,"column":17},"end":{"line":121,"column":5}},"21":{"start":{"line":123,"column":4},"end":{"line":123,"column":43}},"22":{"start":{"line":134,"column":4},"end":{"line":139,"column":5}},"23":{"start":{"line":135,"column":6},"end":{"line":138,"column":9}},"24":{"start":{"line":140,"column":4},"end":{"line":140,"column":18}}},"fnMap":{"0":{"name":"_interopRequireDefault","decl":{"start":{"line":11,"column":9},"end":{"line":11,"column":31}},"loc":{"start":{"line":11,"column":37},"end":{"line":11,"column":95}},"line":11},"1":{"name":"validateSchema","decl":{"start":{"line":13,"column":30},"end":{"line":13,"column":44}},"loc":{"start":{"line":13,"column":88},"end":{"line":22,"column":1}},"line":13},"2":{"name":"validatePost","decl":{"start":{"line":32,"column":25},"end":{"line":32,"column":37}},"loc":{"start":{"line":32,"column":54},"end":{"line":41,"column":3}},"line":32},"3":{"name":"validatePatchComment","decl":{"start":{"line":50,"column":33},"end":{"line":50,"column":53}},"loc":{"start":{"line":50,"column":70},"end":{"line":55,"column":3}},"line":50},"4":{"name":"validatePatchLocation","decl":{"start":{"line":64,"column":34},"end":{"line":64,"column":55}},"loc":{"start":{"line":64,"column":72},"end":{"line":69,"column":3}},"line":64},"5":{"name":"validatePatchEdit","decl":{"start":{"line":78,"column":30},"end":{"line":78,"column":47}},"loc":{"start":{"line":78,"column":64},"end":{"line":87,"column":3}},"line":78},"6":{"name":"validateUser","decl":{"start":{"line":96,"column":25},"end":{"line":96,"column":37}},"loc":{"start":{"line":96,"column":54},"end":{"line":108,"column":3}},"line":96},"7":{"name":"validateUserLogin","decl":{"start":{"line":117,"column":30},"end":{"line":117,"column":47}},"loc":{"start":{"line":117,"column":64},"end":{"line":124,"column":3}},"line":117},"8":{"name":"validateIncidentId","decl":{"start":{"line":133,"column":31},"end":{"line":133,"column":49}},"loc":{"start":{"line":133,"column":66},"end":{"line":141,"column":3}},"line":133}},"branchMap":{"0":{"loc":{"start":{"line":11,"column":46},"end":{"line":11,"column":92}},"type":"cond-expr","locations":[{"start":{"line":11,"column":70},"end":{"line":11,"column":73}},{"start":{"line":11,"column":76},"end":{"line":11,"column":92}}],"line":11},"1":{"loc":{"start":{"line":11,"column":46},"end":{"line":11,"column":67}},"type":"binary-expr","locations":[{"start":{"line":11,"column":46},"end":{"line":11,"column":49}},{"start":{"line":11,"column":53},"end":{"line":11,"column":67}}],"line":11},"2":{"loc":{"start":{"line":15,"column":2},"end":{"line":20,"column":3}},"type":"if","locations":[{"start":{"line":15,"column":2},"end":{"line":20,"column":3}},{"start":{"line":15,"column":2},"end":{"line":20,"column":3}}],"line":15},"3":{"loc":{"start":{"line":134,"column":4},"end":{"line":139,"column":5}},"type":"if","locations":[{"start":{"line":134,"column":4},"end":{"line":139,"column":5}},{"start":{"line":134,"column":4},"end":{"line":139,"column":5}}],"line":134}},"s":{"0":1,"1":1,"2":1,"3":1,"4":1,"5":28,"6":28,"7":14,"8":14,"9":1,"10":4,"11":4,"12":2,"13":2,"14":2,"15":2,"16":4,"17":4,"18":7,"19":7,"20":9,"21":9,"22":18,"23":6,"24":12},"f":{"0":1,"1":28,"2":4,"3":2,"4":2,"5":4,"6":7,"7":9,"8":18},"b":{"0":[0,1],"1":[1,1],"2":[14,14],"3":[6,12]},"_coverageSchema":"43e27e138ebf9cfc5966b082cf9a028302ed4184","hash":"6d29a1359561d675efbf8d1a815d824e4712d672","contentHash":"16111f6603768bb88dc855b52ef8f7cd"},"C:\\Users\\Dashboard\\bootcamp\\andela\\iReporter\\server\\routes\\incidents.js":{"path":"C:\\Users\\Dashboard\\bootcamp\\andela\\iReporter\\server\\routes\\incidents.js","statementMap":{"0":{"start":{"line":3,"column":0},"end":{"line":5,"column":3}},"1":{"start":{"line":7,"column":15},"end":{"line":7,"column":33}},"2":{"start":{"line":9,"column":16},"end":{"line":9,"column":48}},"3":{"start":{"line":11,"column":16},"end":{"line":11,"column":50}},"4":{"start":{"line":13,"column":17},"end":{"line":13,"column":50}},"5":{"start":{"line":15,"column":13},"end":{"line":15,"column":44}},"6":{"start":{"line":17,"column":14},"end":{"line":17,"column":44}},"7":{"start":{"line":19,"column":16},"end":{"line":19,"column":49}},"8":{"start":{"line":21,"column":17},"end":{"line":21,"column":50}},"9":{"start":{"line":23,"column":13},"end":{"line":23,"column":43}},"10":{"start":{"line":25,"column":14},"end":{"line":25,"column":44}},"11":{"start":{"line":27,"column":39},"end":{"line":27,"column":93}},"12":{"start":{"line":29,"column":13},"end":{"line":29,"column":39}},"13":{"start":{"line":31,"column":0},"end":{"line":31,"column":91}},"14":{"start":{"line":32,"column":0},"end":{"line":32,"column":143}},"15":{"start":{"line":34,"column":0},"end":{"line":34,"column":111}},"16":{"start":{"line":36,"column":0},"end":{"line":36,"column":130}},"17":{"start":{"line":38,"column":0},"end":{"line":38,"column":136}},"18":{"start":{"line":40,"column":0},"end":{"line":40,"column":192}},"19":{"start":{"line":42,"column":0},"end":{"line":42,"column":189}},"20":{"start":{"line":44,"column":0},"end":{"line":44,"column":174}},"21":{"start":{"line":46,"column":0},"end":{"line":46,"column":142}},"22":{"start":{"line":48,"column":0},"end":{"line":48,"column":25}}},"fnMap":{"0":{"name":"_interopRequireDefault","decl":{"start":{"line":27,"column":9},"end":{"line":27,"column":31}},"loc":{"start":{"line":27,"column":37},"end":{"line":27,"column":95}},"line":27}},"branchMap":{"0":{"loc":{"start":{"line":27,"column":46},"end":{"line":27,"column":92}},"type":"cond-expr","locations":[{"start":{"line":27,"column":70},"end":{"line":27,"column":73}},{"start":{"line":27,"column":76},"end":{"line":27,"column":92}}],"line":27},"1":{"loc":{"start":{"line":27,"column":46},"end":{"line":27,"column":67}},"type":"binary-expr","locations":[{"start":{"line":27,"column":46},"end":{"line":27,"column":49}},{"start":{"line":27,"column":53},"end":{"line":27,"column":67}}],"line":27}},"s":{"0":1,"1":1,"2":1,"3":1,"4":1,"5":1,"6":1,"7":1,"8":1,"9":1,"10":1,"11":5,"12":1,"13":1,"14":1,"15":1,"16":1,"17":1,"18":1,"19":1,"20":1,"21":1,"22":1},"f":{"0":5},"b":{"0":[4,1],"1":[5,5]},"_coverageSchema":"43e27e138ebf9cfc5966b082cf9a028302ed4184","hash":"b58c96fa415e9698c8ad60b7a4c68037bfc4e9f1","contentHash":"b189c224638567001764206c90171688"},"C:\\Users\\Dashboard\\bootcamp\\andela\\iReporter\\server\\controllers\\incident.js":{"path":"C:\\Users\\Dashboard\\bootcamp\\andela\\iReporter\\server\\controllers\\incident.js","statementMap":{"0":{"start":{"line":3,"column":0},"end":{"line":5,"column":3}},"1":{"start":{"line":7,"column":14},"end":{"line":7,"column":31}},"2":{"start":{"line":9,"column":15},"end":{"line":9,"column":46}},"3":{"start":{"line":11,"column":18},"end":{"line":11,"column":42}},"4":{"start":{"line":13,"column":19},"end":{"line":13,"column":54}},"5":{"start":{"line":15,"column":20},"end":{"line":15,"column":50}},"6":{"start":{"line":17,"column":21},"end":{"line":17,"column":58}},"7":{"start":{"line":19,"column":39},"end":{"line":19,"column":93}},"8":{"start":{"line":21,"column":11},"end":{"line":21,"column":40}},"9":{"start":{"line":23,"column":0},"end":{"line":23,"column":26}},"10":{"start":{"line":24,"column":0},"end":{"line":323,"column":2}},"11":{"start":{"line":33,"column":13},"end":{"line":33,"column":24}},"12":{"start":{"line":35,"column":4},"end":{"line":48,"column":7}},"13":{"start":{"line":36,"column":6},"end":{"line":42,"column":7}},"14":{"start":{"line":37,"column":8},"end":{"line":37,"column":25}},"15":{"start":{"line":38,"column":8},"end":{"line":41,"column":11}},"16":{"start":{"line":43,"column":6},"end":{"line":47,"column":9}},"17":{"start":{"line":59,"column":20},"end":{"line":59,"column":28}},"18":{"start":{"line":60,"column":19},"end":{"line":60,"column":37}},"19":{"start":{"line":61,"column":16},"end":{"line":61,"column":31}},"20":{"start":{"line":62,"column":18},"end":{"line":62,"column":35}},"21":{"start":{"line":63,"column":13},"end":{"line":63,"column":24}},"22":{"start":{"line":65,"column":4},"end":{"line":78,"column":7}},"23":{"start":{"line":66,"column":6},"end":{"line":72,"column":7}},"24":{"start":{"line":67,"column":8},"end":{"line":67,"column":25}},"25":{"start":{"line":68,"column":8},"end":{"line":71,"column":11}},"26":{"start":{"line":73,"column":6},"end":{"line":77,"column":9}},"27":{"start":{"line":89,"column":21},"end":{"line":89,"column":48}},"28":{"start":{"line":90,"column":13},"end":{"line":90,"column":24}},"29":{"start":{"line":92,"column":4},"end":{"line":112,"column":7}},"30":{"start":{"line":93,"column":6},"end":{"line":99,"column":7}},"31":{"start":{"line":94,"column":8},"end":{"line":94,"column":25}},"32":{"start":{"line":95,"column":8},"end":{"line":98,"column":11}},"33":{"start":{"line":100,"column":6},"end":{"line":105,"column":7}},"34":{"start":{"line":101,"column":8},"end":{"line":104,"column":11}},"35":{"start":{"line":107,"column":6},"end":{"line":111,"column":9}},"36":{"start":{"line":123,"column":19},"end":{"line":123,"column":36}},"37":{"start":{"line":125,"column":21},"end":{"line":125,"column":48}},"38":{"start":{"line":126,"column":13},"end":{"line":126,"column":24}},"39":{"start":{"line":128,"column":4},"end":{"line":164,"column":7}},"40":{"start":{"line":129,"column":6},"end":{"line":135,"column":7}},"41":{"start":{"line":130,"column":8},"end":{"line":130,"column":25}},"42":{"start":{"line":131,"column":8},"end":{"line":134,"column":11}},"43":{"start":{"line":136,"column":22},"end":{"line":136,"column":48}},"44":{"start":{"line":138,"column":6},"end":{"line":159,"column":7}},"45":{"start":{"line":139,"column":8},"end":{"line":158,"column":11}},"46":{"start":{"line":140,"column":10},"end":{"line":146,"column":11}},"47":{"start":{"line":141,"column":12},"end":{"line":141,"column":31}},"48":{"start":{"line":142,"column":12},"end":{"line":145,"column":15}},"49":{"start":{"line":147,"column":10},"end":{"line":152,"column":11}},"50":{"start":{"line":148,"column":12},"end":{"line":151,"column":15}},"51":{"start":{"line":153,"column":10},"end":{"line":157,"column":13}},"52":{"start":{"line":160,"column":6},"end":{"line":163,"column":9}},"53":{"start":{"line":175,"column":18},"end":{"line":175,"column":34}},"54":{"start":{"line":177,"column":21},"end":{"line":177,"column":48}},"55":{"start":{"line":178,"column":13},"end":{"line":178,"column":24}},"56":{"start":{"line":180,"column":4},"end":{"line":216,"column":7}},"57":{"start":{"line":181,"column":6},"end":{"line":187,"column":7}},"58":{"start":{"line":182,"column":8},"end":{"line":182,"column":25}},"59":{"start":{"line":183,"column":8},"end":{"line":186,"column":11}},"60":{"start":{"line":188,"column":22},"end":{"line":188,"column":48}},"61":{"start":{"line":190,"column":6},"end":{"line":211,"column":7}},"62":{"start":{"line":191,"column":8},"end":{"line":210,"column":11}},"63":{"start":{"line":192,"column":10},"end":{"line":198,"column":11}},"64":{"start":{"line":193,"column":12},"end":{"line":193,"column":31}},"65":{"start":{"line":194,"column":12},"end":{"line":197,"column":15}},"66":{"start":{"line":199,"column":10},"end":{"line":204,"column":11}},"67":{"start":{"line":200,"column":12},"end":{"line":203,"column":15}},"68":{"start":{"line":205,"column":10},"end":{"line":209,"column":13}},"69":{"start":{"line":212,"column":6},"end":{"line":215,"column":9}},"70":{"start":{"line":227,"column":21},"end":{"line":227,"column":48}},"71":{"start":{"line":228,"column":13},"end":{"line":228,"column":24}},"72":{"start":{"line":230,"column":4},"end":{"line":266,"column":7}},"73":{"start":{"line":231,"column":6},"end":{"line":237,"column":7}},"74":{"start":{"line":232,"column":8},"end":{"line":232,"column":25}},"75":{"start":{"line":233,"column":8},"end":{"line":236,"column":11}},"76":{"start":{"line":238,"column":22},"end":{"line":238,"column":48}},"77":{"start":{"line":240,"column":6},"end":{"line":261,"column":7}},"78":{"start":{"line":241,"column":8},"end":{"line":260,"column":11}},"79":{"start":{"line":242,"column":10},"end":{"line":248,"column":11}},"80":{"start":{"line":243,"column":12},"end":{"line":243,"column":31}},"81":{"start":{"line":244,"column":12},"end":{"line":247,"column":15}},"82":{"start":{"line":249,"column":10},"end":{"line":254,"column":11}},"83":{"start":{"line":250,"column":12},"end":{"line":253,"column":15}},"84":{"start":{"line":255,"column":10},"end":{"line":259,"column":13}},"85":{"start":{"line":262,"column":6},"end":{"line":265,"column":9}},"86":{"start":{"line":277,"column":21},"end":{"line":277,"column":29}},"87":{"start":{"line":278,"column":18},"end":{"line":278,"column":36}},"88":{"start":{"line":279,"column":19},"end":{"line":279,"column":38}},"89":{"start":{"line":280,"column":16},"end":{"line":280,"column":32}},"90":{"start":{"line":282,"column":21},"end":{"line":282,"column":48}},"91":{"start":{"line":283,"column":13},"end":{"line":283,"column":24}},"92":{"start":{"line":285,"column":4},"end":{"line":321,"column":7}},"93":{"start":{"line":286,"column":6},"end":{"line":292,"column":7}},"94":{"start":{"line":287,"column":8},"end":{"line":287,"column":25}},"95":{"start":{"line":288,"column":8},"end":{"line":291,"column":11}},"96":{"start":{"line":293,"column":22},"end":{"line":293,"column":48}},"97":{"start":{"line":295,"column":6},"end":{"line":316,"column":7}},"98":{"start":{"line":296,"column":8},"end":{"line":315,"column":11}},"99":{"start":{"line":297,"column":10},"end":{"line":303,"column":11}},"100":{"start":{"line":298,"column":12},"end":{"line":298,"column":31}},"101":{"start":{"line":299,"column":12},"end":{"line":302,"column":15}},"102":{"start":{"line":304,"column":10},"end":{"line":309,"column":11}},"103":{"start":{"line":305,"column":12},"end":{"line":308,"column":15}},"104":{"start":{"line":310,"column":10},"end":{"line":314,"column":13}},"105":{"start":{"line":317,"column":6},"end":{"line":320,"column":9}}},"fnMap":{"0":{"name":"_interopRequireDefault","decl":{"start":{"line":19,"column":9},"end":{"line":19,"column":31}},"loc":{"start":{"line":19,"column":37},"end":{"line":19,"column":95}},"line":19},"1":{"name":"getUserIncidents","decl":{"start":{"line":32,"column":29},"end":{"line":32,"column":45}},"loc":{"start":{"line":32,"column":56},"end":{"line":49,"column":3}},"line":32},"2":{"name":"(anonymous_2)","decl":{"start":{"line":35,"column":73},"end":{"line":35,"column":74}},"loc":{"start":{"line":35,"column":98},"end":{"line":48,"column":5}},"line":35},"3":{"name":"createIncident","decl":{"start":{"line":58,"column":27},"end":{"line":58,"column":41}},"loc":{"start":{"line":58,"column":52},"end":{"line":79,"column":3}},"line":58},"4":{"name":"(anonymous_4)","decl":{"start":{"line":65,"column":89},"end":{"line":65,"column":90}},"loc":{"start":{"line":65,"column":114},"end":{"line":78,"column":5}},"line":65},"5":{"name":"getIncident","decl":{"start":{"line":88,"column":24},"end":{"line":88,"column":35}},"loc":{"start":{"line":88,"column":46},"end":{"line":113,"column":3}},"line":88},"6":{"name":"(anonymous_6)","decl":{"start":{"line":92,"column":84},"end":{"line":92,"column":85}},"loc":{"start":{"line":92,"column":109},"end":{"line":112,"column":5}},"line":92},"7":{"name":"updateLocation","decl":{"start":{"line":122,"column":27},"end":{"line":122,"column":41}},"loc":{"start":{"line":122,"column":52},"end":{"line":165,"column":3}},"line":122},"8":{"name":"(anonymous_8)","decl":{"start":{"line":128,"column":71},"end":{"line":128,"column":72}},"loc":{"start":{"line":128,"column":96},"end":{"line":164,"column":5}},"line":128},"9":{"name":"(anonymous_9)","decl":{"start":{"line":139,"column":96},"end":{"line":139,"column":97}},"loc":{"start":{"line":139,"column":121},"end":{"line":158,"column":9}},"line":139},"10":{"name":"updateComment","decl":{"start":{"line":174,"column":26},"end":{"line":174,"column":39}},"loc":{"start":{"line":174,"column":50},"end":{"line":217,"column":3}},"line":174},"11":{"name":"(anonymous_11)","decl":{"start":{"line":180,"column":71},"end":{"line":180,"column":72}},"loc":{"start":{"line":180,"column":96},"end":{"line":216,"column":5}},"line":180},"12":{"name":"(anonymous_12)","decl":{"start":{"line":191,"column":94},"end":{"line":191,"column":95}},"loc":{"start":{"line":191,"column":119},"end":{"line":210,"column":9}},"line":191},"13":{"name":"deleteIncident","decl":{"start":{"line":226,"column":27},"end":{"line":226,"column":41}},"loc":{"start":{"line":226,"column":52},"end":{"line":267,"column":3}},"line":226},"14":{"name":"(anonymous_14)","decl":{"start":{"line":230,"column":71},"end":{"line":230,"column":72}},"loc":{"start":{"line":230,"column":96},"end":{"line":266,"column":5}},"line":230},"15":{"name":"(anonymous_15)","decl":{"start":{"line":241,"column":78},"end":{"line":241,"column":79}},"loc":{"start":{"line":241,"column":103},"end":{"line":260,"column":9}},"line":241},"16":{"name":"updateAll","decl":{"start":{"line":276,"column":22},"end":{"line":276,"column":31}},"loc":{"start":{"line":276,"column":42},"end":{"line":322,"column":3}},"line":276},"17":{"name":"(anonymous_17)","decl":{"start":{"line":285,"column":71},"end":{"line":285,"column":72}},"loc":{"start":{"line":285,"column":96},"end":{"line":321,"column":5}},"line":285},"18":{"name":"(anonymous_18)","decl":{"start":{"line":296,"column":107},"end":{"line":296,"column":108}},"loc":{"start":{"line":296,"column":132},"end":{"line":315,"column":9}},"line":296}},"branchMap":{"0":{"loc":{"start":{"line":19,"column":46},"end":{"line":19,"column":92}},"type":"cond-expr","locations":[{"start":{"line":19,"column":70},"end":{"line":19,"column":73}},{"start":{"line":19,"column":76},"end":{"line":19,"column":92}}],"line":19},"1":{"loc":{"start":{"line":19,"column":46},"end":{"line":19,"column":67}},"type":"binary-expr","locations":[{"start":{"line":19,"column":46},"end":{"line":19,"column":49}},{"start":{"line":19,"column":53},"end":{"line":19,"column":67}}],"line":19},"2":{"loc":{"start":{"line":36,"column":6},"end":{"line":42,"column":7}},"type":"if","locations":[{"start":{"line":36,"column":6},"end":{"line":42,"column":7}},{"start":{"line":36,"column":6},"end":{"line":42,"column":7}}],"line":36},"3":{"loc":{"start":{"line":66,"column":6},"end":{"line":72,"column":7}},"type":"if","locations":[{"start":{"line":66,"column":6},"end":{"line":72,"column":7}},{"start":{"line":66,"column":6},"end":{"line":72,"column":7}}],"line":66},"4":{"loc":{"start":{"line":93,"column":6},"end":{"line":99,"column":7}},"type":"if","locations":[{"start":{"line":93,"column":6},"end":{"line":99,"column":7}},{"start":{"line":93,"column":6},"end":{"line":99,"column":7}}],"line":93},"5":{"loc":{"start":{"line":100,"column":6},"end":{"line":105,"column":7}},"type":"if","locations":[{"start":{"line":100,"column":6},"end":{"line":105,"column":7}},{"start":{"line":100,"column":6},"end":{"line":105,"column":7}}],"line":100},"6":{"loc":{"start":{"line":129,"column":6},"end":{"line":135,"column":7}},"type":"if","locations":[{"start":{"line":129,"column":6},"end":{"line":135,"column":7}},{"start":{"line":129,"column":6},"end":{"line":135,"column":7}}],"line":129},"7":{"loc":{"start":{"line":138,"column":6},"end":{"line":159,"column":7}},"type":"if","locations":[{"start":{"line":138,"column":6},"end":{"line":159,"column":7}},{"start":{"line":138,"column":6},"end":{"line":159,"column":7}}],"line":138},"8":{"loc":{"start":{"line":140,"column":10},"end":{"line":146,"column":11}},"type":"if","locations":[{"start":{"line":140,"column":10},"end":{"line":146,"column":11}},{"start":{"line":140,"column":10},"end":{"line":146,"column":11}}],"line":140},"9":{"loc":{"start":{"line":147,"column":10},"end":{"line":152,"column":11}},"type":"if","locations":[{"start":{"line":147,"column":10},"end":{"line":152,"column":11}},{"start":{"line":147,"column":10},"end":{"line":152,"column":11}}],"line":147},"10":{"loc":{"start":{"line":181,"column":6},"end":{"line":187,"column":7}},"type":"if","locations":[{"start":{"line":181,"column":6},"end":{"line":187,"column":7}},{"start":{"line":181,"column":6},"end":{"line":187,"column":7}}],"line":181},"11":{"loc":{"start":{"line":190,"column":6},"end":{"line":211,"column":7}},"type":"if","locations":[{"start":{"line":190,"column":6},"end":{"line":211,"column":7}},{"start":{"line":190,"column":6},"end":{"line":211,"column":7}}],"line":190},"12":{"loc":{"start":{"line":192,"column":10},"end":{"line":198,"column":11}},"type":"if","locations":[{"start":{"line":192,"column":10},"end":{"line":198,"column":11}},{"start":{"line":192,"column":10},"end":{"line":198,"column":11}}],"line":192},"13":{"loc":{"start":{"line":199,"column":10},"end":{"line":204,"column":11}},"type":"if","locations":[{"start":{"line":199,"column":10},"end":{"line":204,"column":11}},{"start":{"line":199,"column":10},"end":{"line":204,"column":11}}],"line":199},"14":{"loc":{"start":{"line":231,"column":6},"end":{"line":237,"column":7}},"type":"if","locations":[{"start":{"line":231,"column":6},"end":{"line":237,"column":7}},{"start":{"line":231,"column":6},"end":{"line":237,"column":7}}],"line":231},"15":{"loc":{"start":{"line":240,"column":6},"end":{"line":261,"column":7}},"type":"if","locations":[{"start":{"line":240,"column":6},"end":{"line":261,"column":7}},{"start":{"line":240,"column":6},"end":{"line":261,"column":7}}],"line":240},"16":{"loc":{"start":{"line":242,"column":10},"end":{"line":248,"column":11}},"type":"if","locations":[{"start":{"line":242,"column":10},"end":{"line":248,"column":11}},{"start":{"line":242,"column":10},"end":{"line":248,"column":11}}],"line":242},"17":{"loc":{"start":{"line":249,"column":10},"end":{"line":254,"column":11}},"type":"if","locations":[{"start":{"line":249,"column":10},"end":{"line":254,"column":11}},{"start":{"line":249,"column":10},"end":{"line":254,"column":11}}],"line":249},"18":{"loc":{"start":{"line":286,"column":6},"end":{"line":292,"column":7}},"type":"if","locations":[{"start":{"line":286,"column":6},"end":{"line":292,"column":7}},{"start":{"line":286,"column":6},"end":{"line":292,"column":7}}],"line":286},"19":{"loc":{"start":{"line":295,"column":6},"end":{"line":316,"column":7}},"type":"if","locations":[{"start":{"line":295,"column":6},"end":{"line":316,"column":7}},{"start":{"line":295,"column":6},"end":{"line":316,"column":7}}],"line":295},"20":{"loc":{"start":{"line":297,"column":10},"end":{"line":303,"column":11}},"type":"if","locations":[{"start":{"line":297,"column":10},"end":{"line":303,"column":11}},{"start":{"line":297,"column":10},"end":{"line":303,"column":11}}],"line":297},"21":{"loc":{"start":{"line":304,"column":10},"end":{"line":309,"column":11}},"type":"if","locations":[{"start":{"line":304,"column":10},"end":{"line":309,"column":11}},{"start":{"line":304,"column":10},"end":{"line":309,"column":11}}],"line":304}},"s":{"0":1,"1":1,"2":1,"3":1,"4":1,"5":1,"6":1,"7":3,"8":1,"9":1,"10":1,"11":1,"12":1,"13":1,"14":0,"15":0,"16":1,"17":2,"18":2,"19":2,"20":2,"21":2,"22":1,"23":1,"24":0,"25":0,"26":1,"27":1,"28":1,"29":1,"30":1,"31":0,"32":0,"33":1,"34":0,"35":1,"36":1,"37":1,"38":1,"39":1,"40":1,"41":0,"42":0,"43":1,"44":1,"45":1,"46":1,"47":0,"48":0,"49":1,"50":0,"51":1,"52":0,"53":1,"54":1,"55":1,"56":1,"57":1,"58":0,"59":0,"60":1,"61":1,"62":1,"63":1,"64":0,"65":0,"66":1,"67":0,"68":1,"69":0,"70":2,"71":2,"72":1,"73":1,"74":0,"75":0,"76":1,"77":1,"78":1,"79":1,"80":0,"81":0,"82":1,"83":0,"84":1,"85":0,"86":2,"87":2,"88":2,"89":2,"90":2,"91":2,"92":1,"93":1,"94":0,"95":0,"96":1,"97":1,"98":1,"99":1,"100":0,"101":0,"102":1,"103":0,"104":1,"105":0},"f":{"0":3,"1":1,"2":1,"3":2,"4":1,"5":1,"6":1,"7":1,"8":1,"9":1,"10":1,"11":1,"12":1,"13":2,"14":1,"15":1,"16":2,"17":1,"18":1},"b":{"0":[2,1],"1":[3,3],"2":[0,1],"3":[0,1],"4":[0,1],"5":[0,1],"6":[0,1],"7":[1,0],"8":[0,1],"9":[0,1],"10":[0,1],"11":[1,0],"12":[0,1],"13":[0,1],"14":[0,1],"15":[1,0],"16":[0,1],"17":[0,1],"18":[0,1],"19":[1,0],"20":[0,1],"21":[0,1]},"_coverageSchema":"43e27e138ebf9cfc5966b082cf9a028302ed4184","hash":"ad92793fe5b05ca0d33ab7841d7dfe040f7a64b7","contentHash":"63d3dd376895f5d2226101b568de2893"},"C:\\Users\\Dashboard\\bootcamp\\andela\\iReporter\\server\\controllers\\admin.js":{"path":"C:\\Users\\Dashboard\\bootcamp\\andela\\iReporter\\server\\controllers\\admin.js","statementMap":{"0":{"start":{"line":3,"column":0},"end":{"line":5,"column":3}},"1":{"start":{"line":7,"column":14},"end":{"line":7,"column":31}},"2":{"start":{"line":9,"column":15},"end":{"line":9,"column":46}},"3":{"start":{"line":11,"column":20},"end":{"line":11,"column":50}},"4":{"start":{"line":13,"column":21},"end":{"line":13,"column":58}},"5":{"start":{"line":15,"column":18},"end":{"line":15,"column":42}},"6":{"start":{"line":17,"column":19},"end":{"line":17,"column":54}},"7":{"start":{"line":19,"column":39},"end":{"line":19,"column":93}},"8":{"start":{"line":21,"column":11},"end":{"line":21,"column":40}},"9":{"start":{"line":22,"column":0},"end":{"line":22,"column":26}},"10":{"start":{"line":24,"column":0},"end":{"line":84,"column":2}},"11":{"start":{"line":33,"column":18},"end":{"line":33,"column":34}},"12":{"start":{"line":35,"column":4},"end":{"line":54,"column":7}},"13":{"start":{"line":36,"column":6},"end":{"line":42,"column":7}},"14":{"start":{"line":37,"column":8},"end":{"line":37,"column":25}},"15":{"start":{"line":38,"column":8},"end":{"line":41,"column":11}},"16":{"start":{"line":43,"column":6},"end":{"line":49,"column":7}},"17":{"start":{"line":44,"column":8},"end":{"line":48,"column":11}},"18":{"start":{"line":50,"column":6},"end":{"line":53,"column":9}},"19":{"start":{"line":58,"column":18},"end":{"line":58,"column":34}},"20":{"start":{"line":59,"column":17},"end":{"line":59,"column":32}},"21":{"start":{"line":61,"column":21},"end":{"line":61,"column":48}},"22":{"start":{"line":62,"column":4},"end":{"line":67,"column":5}},"23":{"start":{"line":63,"column":6},"end":{"line":66,"column":9}},"24":{"start":{"line":69,"column":4},"end":{"line":82,"column":7}},"25":{"start":{"line":70,"column":6},"end":{"line":76,"column":7}},"26":{"start":{"line":71,"column":8},"end":{"line":71,"column":25}},"27":{"start":{"line":72,"column":8},"end":{"line":75,"column":11}},"28":{"start":{"line":77,"column":6},"end":{"line":81,"column":9}}},"fnMap":{"0":{"name":"_interopRequireDefault","decl":{"start":{"line":19,"column":9},"end":{"line":19,"column":31}},"loc":{"start":{"line":19,"column":37},"end":{"line":19,"column":95}},"line":19},"1":{"name":"getIncidents","decl":{"start":{"line":32,"column":25},"end":{"line":32,"column":37}},"loc":{"start":{"line":32,"column":48},"end":{"line":55,"column":3}},"line":32},"2":{"name":"(anonymous_2)","decl":{"start":{"line":35,"column":55},"end":{"line":35,"column":56}},"loc":{"start":{"line":35,"column":80},"end":{"line":54,"column":5}},"line":35},"3":{"name":"updateStatus","decl":{"start":{"line":57,"column":25},"end":{"line":57,"column":37}},"loc":{"start":{"line":57,"column":48},"end":{"line":83,"column":3}},"line":57},"4":{"name":"(anonymous_4)","decl":{"start":{"line":69,"column":84},"end":{"line":69,"column":85}},"loc":{"start":{"line":69,"column":109},"end":{"line":82,"column":5}},"line":69}},"branchMap":{"0":{"loc":{"start":{"line":19,"column":46},"end":{"line":19,"column":92}},"type":"cond-expr","locations":[{"start":{"line":19,"column":70},"end":{"line":19,"column":73}},{"start":{"line":19,"column":76},"end":{"line":19,"column":92}}],"line":19},"1":{"loc":{"start":{"line":19,"column":46},"end":{"line":19,"column":67}},"type":"binary-expr","locations":[{"start":{"line":19,"column":46},"end":{"line":19,"column":49}},{"start":{"line":19,"column":53},"end":{"line":19,"column":67}}],"line":19},"2":{"loc":{"start":{"line":36,"column":6},"end":{"line":42,"column":7}},"type":"if","locations":[{"start":{"line":36,"column":6},"end":{"line":42,"column":7}},{"start":{"line":36,"column":6},"end":{"line":42,"column":7}}],"line":36},"3":{"loc":{"start":{"line":43,"column":6},"end":{"line":49,"column":7}},"type":"if","locations":[{"start":{"line":43,"column":6},"end":{"line":49,"column":7}},{"start":{"line":43,"column":6},"end":{"line":49,"column":7}}],"line":43},"4":{"loc":{"start":{"line":62,"column":4},"end":{"line":67,"column":5}},"type":"if","locations":[{"start":{"line":62,"column":4},"end":{"line":67,"column":5}},{"start":{"line":62,"column":4},"end":{"line":67,"column":5}}],"line":62},"5":{"loc":{"start":{"line":62,"column":8},"end":{"line":62,"column":50}},"type":"binary-expr","locations":[{"start":{"line":62,"column":8},"end":{"line":62,"column":25}},{"start":{"line":62,"column":29},"end":{"line":62,"column":50}}],"line":62},"6":{"loc":{"start":{"line":70,"column":6},"end":{"line":76,"column":7}},"type":"if","locations":[{"start":{"line":70,"column":6},"end":{"line":76,"column":7}},{"start":{"line":70,"column":6},"end":{"line":76,"column":7}}],"line":70}},"s":{"0":1,"1":1,"2":1,"3":1,"4":1,"5":1,"6":1,"7":3,"8":1,"9":1,"10":1,"11":2,"12":1,"13":1,"14":0,"15":0,"16":1,"17":1,"18":0,"19":1,"20":1,"21":1,"22":1,"23":0,"24":1,"25":1,"26":0,"27":0,"28":1},"f":{"0":3,"1":2,"2":1,"3":1,"4":1},"b":{"0":[2,1],"1":[3,3],"2":[0,1],"3":[1,0],"4":[0,1],"5":[1,1],"6":[0,1]},"_coverageSchema":"43e27e138ebf9cfc5966b082cf9a028302ed4184","hash":"6116c60462c414f743c967231a7b9d32bcaa4404","contentHash":"15612dd5abd926752ddab3aaaccf4a79"},"C:\\Users\\Dashboard\\bootcamp\\andela\\iReporter\\server\\test\\B-user.js":{"path":"C:\\Users\\Dashboard\\bootcamp\\andela\\iReporter\\server\\test\\B-user.js","statementMap":{"0":{"start":{"line":3,"column":13},"end":{"line":3,"column":29}},"1":{"start":{"line":5,"column":12},"end":{"line":5,"column":27}},"2":{"start":{"line":7,"column":16},"end":{"line":7,"column":36}},"3":{"start":{"line":9,"column":17},"end":{"line":9,"column":50}},"4":{"start":{"line":11,"column":11},"end":{"line":11,"column":28}},"5":{"start":{"line":13,"column":12},"end":{"line":13,"column":40}},"6":{"start":{"line":15,"column":39},"end":{"line":15,"column":93}},"7":{"start":{"line":17,"column":0},"end":{"line":17,"column":35}},"8":{"start":{"line":19,"column":0},"end":{"line":132,"column":3}},"9":{"start":{"line":20,"column":13},"end":{"line":28,"column":3}},"10":{"start":{"line":29,"column":2},"end":{"line":36,"column":5}},"11":{"start":{"line":30,"column":4},"end":{"line":35,"column":7}},"12":{"start":{"line":31,"column":6},"end":{"line":31,"column":65}},"13":{"start":{"line":32,"column":6},"end":{"line":32,"column":144}},"14":{"start":{"line":33,"column":6},"end":{"line":33,"column":70}},"15":{"start":{"line":34,"column":6},"end":{"line":34,"column":16}},"16":{"start":{"line":38,"column":2},"end":{"line":52,"column":5}},"17":{"start":{"line":39,"column":4},"end":{"line":51,"column":7}},"18":{"start":{"line":48,"column":6},"end":{"line":48,"column":42}},"19":{"start":{"line":49,"column":6},"end":{"line":49,"column":117}},"20":{"start":{"line":50,"column":6},"end":{"line":50,"column":16}},"21":{"start":{"line":53,"column":2},"end":{"line":67,"column":5}},"22":{"start":{"line":54,"column":4},"end":{"line":66,"column":7}},"23":{"start":{"line":63,"column":6},"end":{"line":63,"column":42}},"24":{"start":{"line":64,"column":6},"end":{"line":64,"column":125}},"25":{"start":{"line":65,"column":6},"end":{"line":65,"column":16}},"26":{"start":{"line":69,"column":2},"end":{"line":83,"column":5}},"27":{"start":{"line":70,"column":4},"end":{"line":82,"column":7}},"28":{"start":{"line":79,"column":6},"end":{"line":79,"column":42}},"29":{"start":{"line":80,"column":6},"end":{"line":80,"column":124}},"30":{"start":{"line":81,"column":6},"end":{"line":81,"column":16}},"31":{"start":{"line":85,"column":2},"end":{"line":99,"column":5}},"32":{"start":{"line":86,"column":4},"end":{"line":98,"column":7}},"33":{"start":{"line":95,"column":6},"end":{"line":95,"column":42}},"34":{"start":{"line":96,"column":6},"end":{"line":96,"column":123}},"35":{"start":{"line":97,"column":6},"end":{"line":97,"column":16}},"36":{"start":{"line":101,"column":2},"end":{"line":115,"column":5}},"37":{"start":{"line":102,"column":4},"end":{"line":114,"column":7}},"38":{"start":{"line":111,"column":6},"end":{"line":111,"column":42}},"39":{"start":{"line":112,"column":6},"end":{"line":112,"column":129}},"40":{"start":{"line":113,"column":6},"end":{"line":113,"column":16}},"41":{"start":{"line":117,"column":2},"end":{"line":131,"column":5}},"42":{"start":{"line":118,"column":4},"end":{"line":130,"column":7}},"43":{"start":{"line":127,"column":6},"end":{"line":127,"column":42}},"44":{"start":{"line":128,"column":6},"end":{"line":128,"column":123}},"45":{"start":{"line":129,"column":6},"end":{"line":129,"column":16}},"46":{"start":{"line":134,"column":0},"end":{"line":191,"column":3}},"47":{"start":{"line":135,"column":2},"end":{"line":146,"column":5}},"48":{"start":{"line":136,"column":4},"end":{"line":145,"column":7}},"49":{"start":{"line":140,"column":6},"end":{"line":140,"column":75}},"50":{"start":{"line":141,"column":6},"end":{"line":141,"column":68}},"51":{"start":{"line":142,"column":6},"end":{"line":142,"column":71}},"52":{"start":{"line":143,"column":6},"end":{"line":143,"column":70}},"53":{"start":{"line":144,"column":6},"end":{"line":144,"column":16}},"54":{"start":{"line":148,"column":2},"end":{"line":157,"column":5}},"55":{"start":{"line":149,"column":4},"end":{"line":156,"column":7}},"56":{"start":{"line":153,"column":6},"end":{"line":153,"column":42}},"57":{"start":{"line":154,"column":6},"end":{"line":154,"column":121}},"58":{"start":{"line":155,"column":6},"end":{"line":155,"column":16}},"59":{"start":{"line":159,"column":2},"end":{"line":168,"column":5}},"60":{"start":{"line":160,"column":4},"end":{"line":167,"column":7}},"61":{"start":{"line":164,"column":6},"end":{"line":164,"column":42}},"62":{"start":{"line":165,"column":6},"end":{"line":165,"column":127}},"63":{"start":{"line":166,"column":6},"end":{"line":166,"column":16}},"64":{"start":{"line":170,"column":2},"end":{"line":179,"column":5}},"65":{"start":{"line":171,"column":4},"end":{"line":178,"column":7}},"66":{"start":{"line":175,"column":6},"end":{"line":175,"column":42}},"67":{"start":{"line":176,"column":6},"end":{"line":176,"column":77}},"68":{"start":{"line":177,"column":6},"end":{"line":177,"column":16}},"69":{"start":{"line":181,"column":2},"end":{"line":190,"column":5}},"70":{"start":{"line":182,"column":4},"end":{"line":189,"column":7}},"71":{"start":{"line":186,"column":6},"end":{"line":186,"column":42}},"72":{"start":{"line":187,"column":6},"end":{"line":187,"column":77}},"73":{"start":{"line":188,"column":6},"end":{"line":188,"column":16}}},"fnMap":{"0":{"name":"_interopRequireDefault","decl":{"start":{"line":15,"column":9},"end":{"line":15,"column":31}},"loc":{"start":{"line":15,"column":37},"end":{"line":15,"column":95}},"line":15},"1":{"name":"(anonymous_1)","decl":{"start":{"line":19,"column":61},"end":{"line":19,"column":62}},"loc":{"start":{"line":19,"column":73},"end":{"line":132,"column":1}},"line":19},"2":{"name":"(anonymous_2)","decl":{"start":{"line":29,"column":46},"end":{"line":29,"column":47}},"loc":{"start":{"line":29,"column":62},"end":{"line":36,"column":3}},"line":29},"3":{"name":"(anonymous_3)","decl":{"start":{"line":30,"column":77},"end":{"line":30,"column":78}},"loc":{"start":{"line":30,"column":97},"end":{"line":35,"column":5}},"line":30},"4":{"name":"(anonymous_4)","decl":{"start":{"line":38,"column":76},"end":{"line":38,"column":77}},"loc":{"start":{"line":38,"column":92},"end":{"line":52,"column":3}},"line":38},"5":{"name":"(anonymous_5)","decl":{"start":{"line":47,"column":11},"end":{"line":47,"column":12}},"loc":{"start":{"line":47,"column":31},"end":{"line":51,"column":5}},"line":47},"6":{"name":"(anonymous_6)","decl":{"start":{"line":53,"column":80},"end":{"line":53,"column":81}},"loc":{"start":{"line":53,"column":96},"end":{"line":67,"column":3}},"line":53},"7":{"name":"(anonymous_7)","decl":{"start":{"line":62,"column":11},"end":{"line":62,"column":12}},"loc":{"start":{"line":62,"column":31},"end":{"line":66,"column":5}},"line":62},"8":{"name":"(anonymous_8)","decl":{"start":{"line":69,"column":79},"end":{"line":69,"column":80}},"loc":{"start":{"line":69,"column":95},"end":{"line":83,"column":3}},"line":69},"9":{"name":"(anonymous_9)","decl":{"start":{"line":78,"column":11},"end":{"line":78,"column":12}},"loc":{"start":{"line":78,"column":31},"end":{"line":82,"column":5}},"line":78},"10":{"name":"(anonymous_10)","decl":{"start":{"line":85,"column":79},"end":{"line":85,"column":80}},"loc":{"start":{"line":85,"column":95},"end":{"line":99,"column":3}},"line":85},"11":{"name":"(anonymous_11)","decl":{"start":{"line":94,"column":11},"end":{"line":94,"column":12}},"loc":{"start":{"line":94,"column":31},"end":{"line":98,"column":5}},"line":94},"12":{"name":"(anonymous_12)","decl":{"start":{"line":101,"column":82},"end":{"line":101,"column":83}},"loc":{"start":{"line":101,"column":98},"end":{"line":115,"column":3}},"line":101},"13":{"name":"(anonymous_13)","decl":{"start":{"line":110,"column":11},"end":{"line":110,"column":12}},"loc":{"start":{"line":110,"column":31},"end":{"line":114,"column":5}},"line":110},"14":{"name":"(anonymous_14)","decl":{"start":{"line":117,"column":79},"end":{"line":117,"column":80}},"loc":{"start":{"line":117,"column":95},"end":{"line":131,"column":3}},"line":117},"15":{"name":"(anonymous_15)","decl":{"start":{"line":126,"column":11},"end":{"line":126,"column":12}},"loc":{"start":{"line":126,"column":31},"end":{"line":130,"column":5}},"line":126},"16":{"name":"(anonymous_16)","decl":{"start":{"line":134,"column":56},"end":{"line":134,"column":57}},"loc":{"start":{"line":134,"column":68},"end":{"line":191,"column":1}},"line":134},"17":{"name":"(anonymous_17)","decl":{"start":{"line":135,"column":43},"end":{"line":135,"column":44}},"loc":{"start":{"line":135,"column":59},"end":{"line":146,"column":3}},"line":135},"18":{"name":"(anonymous_18)","decl":{"start":{"line":139,"column":11},"end":{"line":139,"column":12}},"loc":{"start":{"line":139,"column":31},"end":{"line":145,"column":5}},"line":139},"19":{"name":"(anonymous_19)","decl":{"start":{"line":148,"column":76},"end":{"line":148,"column":77}},"loc":{"start":{"line":148,"column":92},"end":{"line":157,"column":3}},"line":148},"20":{"name":"(anonymous_20)","decl":{"start":{"line":152,"column":11},"end":{"line":152,"column":12}},"loc":{"start":{"line":152,"column":31},"end":{"line":156,"column":5}},"line":152},"21":{"name":"(anonymous_21)","decl":{"start":{"line":159,"column":79},"end":{"line":159,"column":80}},"loc":{"start":{"line":159,"column":95},"end":{"line":168,"column":3}},"line":159},"22":{"name":"(anonymous_22)","decl":{"start":{"line":163,"column":11},"end":{"line":163,"column":12}},"loc":{"start":{"line":163,"column":31},"end":{"line":167,"column":5}},"line":163},"23":{"name":"(anonymous_23)","decl":{"start":{"line":170,"column":77},"end":{"line":170,"column":78}},"loc":{"start":{"line":170,"column":93},"end":{"line":179,"column":3}},"line":170},"24":{"name":"(anonymous_24)","decl":{"start":{"line":174,"column":11},"end":{"line":174,"column":12}},"loc":{"start":{"line":174,"column":31},"end":{"line":178,"column":5}},"line":174},"25":{"name":"(anonymous_25)","decl":{"start":{"line":181,"column":80},"end":{"line":181,"column":81}},"loc":{"start":{"line":181,"column":96},"end":{"line":190,"column":3}},"line":181},"26":{"name":"(anonymous_26)","decl":{"start":{"line":185,"column":11},"end":{"line":185,"column":12}},"loc":{"start":{"line":185,"column":31},"end":{"line":189,"column":5}},"line":185}},"branchMap":{"0":{"loc":{"start":{"line":15,"column":46},"end":{"line":15,"column":92}},"type":"cond-expr","locations":[{"start":{"line":15,"column":70},"end":{"line":15,"column":73}},{"start":{"line":15,"column":76},"end":{"line":15,"column":92}}],"line":15},"1":{"loc":{"start":{"line":15,"column":46},"end":{"line":15,"column":67}},"type":"binary-expr","locations":[{"start":{"line":15,"column":46},"end":{"line":15,"column":49}},{"start":{"line":15,"column":53},"end":{"line":15,"column":67}}],"line":15}},"s":{"0":1,"1":1,"2":1,"3":1,"4":1,"5":1,"6":2,"7":1,"8":1,"9":1,"10":1,"11":1,"12":1,"13":1,"14":1,"15":1,"16":1,"17":1,"18":1,"19":1,"20":1,"21":1,"22":1,"23":1,"24":1,"25":1,"26":1,"27":1,"28":1,"29":1,"30":1,"31":1,"32":1,"33":1,"34":1,"35":1,"36":1,"37":1,"38":1,"39":1,"40":1,"41":1,"42":1,"43":1,"44":1,"45":1,"46":1,"47":1,"48":1,"49":1,"50":1,"51":1,"52":1,"53":1,"54":1,"55":1,"56":1,"57":1,"58":1,"59":1,"60":1,"61":1,"62":1,"63":1,"64":1,"65":1,"66":1,"67":1,"68":1,"69":1,"70":1,"71":1,"72":1,"73":1},"f":{"0":2,"1":1,"2":1,"3":1,"4":1,"5":1,"6":1,"7":1,"8":1,"9":1,"10":1,"11":1,"12":1,"13":1,"14":1,"15":1,"16":1,"17":1,"18":1,"19":1,"20":1,"21":1,"22":1,"23":1,"24":1,"25":1,"26":1},"b":{"0":[1,1],"1":[2,2]},"_coverageSchema":"43e27e138ebf9cfc5966b082cf9a028302ed4184","hash":"05d32b9a8d2813f392b28216bfacbf53e434d642","contentHash":"f74dfcdedf8cc8b3ad7c5fc6074369bb"},"C:\\Users\\Dashboard\\bootcamp\\andela\\iReporter\\server\\test\\C-postIncident.js":{"path":"C:\\Users\\Dashboard\\bootcamp\\andela\\iReporter\\server\\test\\C-postIncident.js","statementMap":{"0":{"start":{"line":3,"column":13},"end":{"line":3,"column":29}},"1":{"start":{"line":5,"column":12},"end":{"line":5,"column":27}},"2":{"start":{"line":7,"column":16},"end":{"line":7,"column":36}},"3":{"start":{"line":9,"column":17},"end":{"line":9,"column":50}},"4":{"start":{"line":11,"column":11},"end":{"line":11,"column":28}},"5":{"start":{"line":13,"column":12},"end":{"line":13,"column":40}},"6":{"start":{"line":15,"column":39},"end":{"line":15,"column":93}},"7":{"start":{"line":17,"column":0},"end":{"line":17,"column":35}},"8":{"start":{"line":19,"column":12},"end":{"line":19,"column":18}},"9":{"start":{"line":21,"column":0},"end":{"line":89,"column":3}},"10":{"start":{"line":22,"column":2},"end":{"line":28,"column":5}},"11":{"start":{"line":23,"column":4},"end":{"line":27,"column":7}},"12":{"start":{"line":25,"column":6},"end":{"line":25,"column":37}},"13":{"start":{"line":26,"column":6},"end":{"line":26,"column":16}},"14":{"start":{"line":29,"column":2},"end":{"line":42,"column":5}},"15":{"start":{"line":30,"column":4},"end":{"line":41,"column":7}},"16":{"start":{"line":35,"column":6},"end":{"line":35,"column":42}},"17":{"start":{"line":36,"column":6},"end":{"line":36,"column":74}},"18":{"start":{"line":37,"column":6},"end":{"line":37,"column":41}},"19":{"start":{"line":38,"column":6},"end":{"line":38,"column":43}},"20":{"start":{"line":39,"column":6},"end":{"line":39,"column":45}},"21":{"start":{"line":40,"column":6},"end":{"line":40,"column":16}},"22":{"start":{"line":43,"column":2},"end":{"line":53,"column":5}},"23":{"start":{"line":44,"column":4},"end":{"line":52,"column":7}},"24":{"start":{"line":49,"column":6},"end":{"line":49,"column":42}},"25":{"start":{"line":50,"column":6},"end":{"line":50,"column":112}},"26":{"start":{"line":51,"column":6},"end":{"line":51,"column":16}},"27":{"start":{"line":54,"column":2},"end":{"line":64,"column":5}},"28":{"start":{"line":55,"column":4},"end":{"line":63,"column":7}},"29":{"start":{"line":60,"column":6},"end":{"line":60,"column":42}},"30":{"start":{"line":61,"column":6},"end":{"line":61,"column":102}},"31":{"start":{"line":62,"column":6},"end":{"line":62,"column":16}},"32":{"start":{"line":66,"column":2},"end":{"line":76,"column":5}},"33":{"start":{"line":67,"column":4},"end":{"line":75,"column":7}},"34":{"start":{"line":72,"column":6},"end":{"line":72,"column":42}},"35":{"start":{"line":73,"column":6},"end":{"line":73,"column":125}},"36":{"start":{"line":74,"column":6},"end":{"line":74,"column":16}},"37":{"start":{"line":78,"column":2},"end":{"line":88,"column":5}},"38":{"start":{"line":79,"column":4},"end":{"line":87,"column":7}},"39":{"start":{"line":84,"column":6},"end":{"line":84,"column":42}},"40":{"start":{"line":85,"column":6},"end":{"line":85,"column":127}},"41":{"start":{"line":86,"column":6},"end":{"line":86,"column":16}}},"fnMap":{"0":{"name":"_interopRequireDefault","decl":{"start":{"line":15,"column":9},"end":{"line":15,"column":31}},"loc":{"start":{"line":15,"column":37},"end":{"line":15,"column":95}},"line":15},"1":{"name":"(anonymous_1)","decl":{"start":{"line":21,"column":42},"end":{"line":21,"column":43}},"loc":{"start":{"line":21,"column":54},"end":{"line":89,"column":1}},"line":21},"2":{"name":"(anonymous_2)","decl":{"start":{"line":22,"column":21},"end":{"line":22,"column":22}},"loc":{"start":{"line":22,"column":37},"end":{"line":28,"column":3}},"line":22},"3":{"name":"(anonymous_3)","decl":{"start":{"line":23,"column":124},"end":{"line":23,"column":125}},"loc":{"start":{"line":23,"column":144},"end":{"line":27,"column":5}},"line":23},"4":{"name":"(anonymous_4)","decl":{"start":{"line":29,"column":54},"end":{"line":29,"column":55}},"loc":{"start":{"line":29,"column":70},"end":{"line":42,"column":3}},"line":29},"5":{"name":"(anonymous_5)","decl":{"start":{"line":34,"column":11},"end":{"line":34,"column":12}},"loc":{"start":{"line":34,"column":31},"end":{"line":41,"column":5}},"line":34},"6":{"name":"(anonymous_6)","decl":{"start":{"line":43,"column":84},"end":{"line":43,"column":85}},"loc":{"start":{"line":43,"column":100},"end":{"line":53,"column":3}},"line":43},"7":{"name":"(anonymous_7)","decl":{"start":{"line":48,"column":11},"end":{"line":48,"column":12}},"loc":{"start":{"line":48,"column":31},"end":{"line":52,"column":5}},"line":48},"8":{"name":"(anonymous_8)","decl":{"start":{"line":54,"column":73},"end":{"line":54,"column":74}},"loc":{"start":{"line":54,"column":89},"end":{"line":64,"column":3}},"line":54},"9"
[...]
,"46":1},"f":{"0":2,"1":1,"2":1,"3":1,"4":1,"5":1,"6":1,"7":1,"8":1,"9":1,"10":1,"11":1,"12":1,"13":1,"14":1,"15":1},"b":{"0":[1,1],"1":[2,2]},"_coverageSchema":"43e27e138ebf9cfc5966b082cf9a028302ed4184","hash":"583a1398b8f2753634ecab73bd6134856a7c98d8","contentHash":"fbfd2c4f33d5bab32b676455335a59ac"},"C:\\Users\\Dashboard\\bootcamp\\andela\\iReporter\\server\\test\\E-patchIncidents.js":{"path":"C:\\Users\\Dashboard\\bootcamp\\andela\\iReporter\\server\\test\\E-patchIncidents.js","statementMap":{"0":{"start":{"line":3,"column":13},"end":{"line":3,"column":29}},"1":{"start":{"line":5,"column":12},"end":{"line":5,"column":27}},"2":{"start":{"line":7,"column":16},"end":{"line":7,"column":36}},"3":{"start":{"line":9,"column":17},"end":{"line":9,"column":50}},"4":{"start":{"line":11,"column":11},"end":{"line":11,"column":28}},"5":{"start":{"line":13,"column":12},"end":{"line":13,"column":40}},"6":{"start":{"line":15,"column":39},"end":{"line":15,"column":93}},"7":{"start":{"line":17,"column":0},"end":{"line":17,"column":35}},"8":{"start":{"line":19,"column":12},"end":{"line":19,"column":18}},"9":{"start":{"line":21,"column":0},"end":{"line":169,"column":3}},"10":{"start":{"line":22,"column":2},"end":{"line":28,"column":5}},"11":{"start":{"line":23,"column":4},"end":{"line":27,"column":7}},"12":{"start":{"line":25,"column":6},"end":{"line":25,"column":37}},"13":{"start":{"line":26,"column":6},"end":{"line":26,"column":16}},"14":{"start":{"line":30,"column":2},"end":{"line":40,"column":5}},"15":{"start":{"line":31,"column":4},"end":{"line":39,"column":7}},"16":{"start":{"line":36,"column":6},"end":{"line":36,"column":42}},"17":{"start":{"line":37,"column":6},"end":{"line":37,"column":102}},"18":{"start":{"line":38,"column":6},"end":{"line":38,"column":16}},"19":{"start":{"line":41,"column":2},"end":{"line":51,"column":5}},"20":{"start":{"line":42,"column":4},"end":{"line":50,"column":7}},"21":{"start":{"line":47,"column":6},"end":{"line":47,"column":42}},"22":{"start":{"line":48,"column":6},"end":{"line":48,"column":112}},"23":{"start":{"line":49,"column":6},"end":{"line":49,"column":16}},"24":{"start":{"line":52,"column":2},"end":{"line":62,"column":5}},"25":{"start":{"line":53,"column":4},"end":{"line":61,"column":7}},"26":{"start":{"line":56,"column":6},"end":{"line":56,"column":42}},"27":{"start":{"line":57,"column":6},"end":{"line":57,"column":85}},"28":{"start":{"line":58,"column":6},"end":{"line":58,"column":81}},"29":{"start":{"line":59,"column":6},"end":{"line":59,"column":50}},"30":{"start":{"line":60,"column":6},"end":{"line":60,"column":16}},"31":{"start":{"line":63,"column":2},"end":{"line":69,"column":5}},"32":{"start":{"line":64,"column":4},"end":{"line":68,"column":7}},"33":{"start":{"line":65,"column":6},"end":{"line":65,"column":42}},"34":{"start":{"line":66,"column":6},"end":{"line":66,"column":66}},"35":{"start":{"line":67,"column":6},"end":{"line":67,"column":16}},"36":{"start":{"line":70,"column":2},"end":{"line":78,"column":5}},"37":{"start":{"line":71,"column":4},"end":{"line":77,"column":7}},"38":{"start":{"line":74,"column":6},"end":{"line":74,"column":42}},"39":{"start":{"line":75,"column":6},"end":{"line":75,"column":84}},"40":{"start":{"line":76,"column":6},"end":{"line":76,"column":16}},"41":{"start":{"line":79,"column":2},"end":{"line":89,"column":5}},"42":{"start":{"line":80,"column":4},"end":{"line":88,"column":7}},"43":{"start":{"line":83,"column":6},"end":{"line":83,"column":42}},"44":{"start":{"line":84,"column":6},"end":{"line":84,"column":84}},"45":{"start":{"line":85,"column":6},"end":{"line":85,"column":81}},"46":{"start":{"line":86,"column":6},"end":{"line":86,"column":49}},"47":{"start":{"line":87,"column":6},"end":{"line":87,"column":16}},"48":{"start":{"line":90,"column":2},"end":{"line":96,"column":5}},"49":{"start":{"line":91,"column":4},"end":{"line":95,"column":7}},"50":{"start":{"line":92,"column":6},"end":{"line":92,"column":42}},"51":{"start":{"line":93,"column":6},"end":{"line":93,"column":66}},"52":{"start":{"line":94,"column":6},"end":{"line":94,"column":16}},"53":{"start":{"line":97,"column":2},"end":{"line":105,"column":5}},"54":{"start":{"line":98,"column":4},"end":{"line":104,"column":7}},"55":{"start":{"line":101,"column":6},"end":{"line":101,"column":42}},"56":{"start":{"line":102,"column":6},"end":{"line":102,"column":83}},"57":{"start":{"line":103,"column":6},"end":{"line":103,"column":16}},"58":{"start":{"line":106,"column":2},"end":{"line":112,"column":5}},"59":{"start":{"line":107,"column":4},"end":{"line":111,"column":7}},"60":{"start":{"line":108,"column":6},"end":{"line":108,"column":42}},"61":{"start":{"line":109,"column":6},"end":{"line":109,"column":66}},"62":{"start":{"line":110,"column":6},"end":{"line":110,"column":16}},"63":{"start":{"line":113,"column":2},"end":{"line":126,"column":5}},"64":{"start":{"line":114,"column":4},"end":{"line":125,"column":7}},"65":{"start":{"line":119,"column":6},"end":{"line":119,"column":42}},"66":{"start":{"line":120,"column":6},"end":{"line":120,"column":83}},"67":{"start":{"line":121,"column":6},"end":{"line":121,"column":80}},"68":{"start":{"line":122,"column":6},"end":{"line":122,"column":50}},"69":{"start":{"line":123,"column":6},"end":{"line":123,"column":49}},"70":{"start":{"line":124,"column":6},"end":{"line":124,"column":16}},"71":{"start":{"line":127,"column":2},"end":{"line":137,"column":5}},"72":{"start":{"line":128,"column":4},"end":{"line":136,"column":7}},"73":{"start":{"line":133,"column":6},"end":{"line":133,"column":42}},"74":{"start":{"line":134,"column":6},"end":{"line":134,"column":83}},"75":{"start":{"line":135,"column":6},"end":{"line":135,"column":16}},"76":{"start":{"line":138,"column":2},"end":{"line":148,"column":5}},"77":{"start":{"line":139,"column":4},"end":{"line":147,"column":7}},"78":{"start":{"line":144,"column":6},"end":{"line":144,"column":42}},"79":{"start":{"line":145,"column":6},"end":{"line":145,"column":84}},"80":{"start":{"line":146,"column":6},"end":{"line":146,"column":16}},"81":{"start":{"line":150,"column":2},"end":{"line":156,"column":5}},"82":{"start":{"line":151,"column":4},"end":{"line":155,"column":7}},"83":{"start":{"line":152,"column":6},"end":{"line":152,"column":42}},"84":{"start":{"line":153,"column":6},"end":{"line":153,"column":66}},"85":{"start":{"line":154,"column":6},"end":{"line":154,"column":16}},"86":{"start":{"line":158,"column":2},"end":{"line":168,"column":5}},"87":{"start":{"line":159,"column":4},"end":{"line":167,"column":7}},"88":{"start":{"line":162,"column":6},"end":{"line":162,"column":42}},"89":{"start":{"line":163,"column":6},"end":{"line":163,"column":74}},"90":{"start":{"line":164,"column":6},"end":{"line":164,"column":81}},"91":{"start":{"line":165,"column":6},"end":{"line":165,"column":48}},"92":{"start":{"line":166,"column":6},"end":{"line":166,"column":16}}},"fnMap":{"0":{"name":"_interopRequireDefault","decl":{"start":{"line":15,"column":9},"end":{"line":15,"column":31}},"loc":{"start":{"line":15,"column":37},"end":{"line":15,"column":95}},"line":15},"1":{"name":"(anonymous_1)","decl":{"start":{"line":21,"column":43},"end":{"line":21,"column":44}},"loc":{"start":{"line":21,"column":55},"end":{"line":169,"column":1}},"line":21},"2":{"name":"(anonymous_2)","decl":{"start":{"line":22,"column":21},"end":{"line":22,"column":22}},"loc":{"start":{"line":22,"column":37},"end":{"line":28,"column":3}},"line":22},"3":{"name":"(anonymous_3)","decl":{"start":{"line":23,"column":124},"end":{"line":23,"column":125}},"loc":{"start":{"line":23,"column":144},"end":{"line":27,"column":5}},"line":23},"4":{"name":"(anonymous_4)","decl":{"start":{"line":30,"column":73},"end":{"line":30,"column":74}},"loc":{"start":{"line":30,"column":89},"end":{"line":40,"column":3}},"line":30},"5":{"name":"(anonymous_5)","decl":{"start":{"line":35,"column":11},"end":{"line":35,"column":12}},"loc":{"start":{"line":35,"column":31},"end":{"line":39,"column":5}},"line":35},"6":{"name":"(anonymous_6)","decl":{"start":{"line":41,"column":84},"end":{"line":41,"column":85}},"loc":{"start":{"line":41,"column":100},"end":{"line":51,"column":3}},"line":41},"7":{"name":"(anonymous_7)","decl":{"start":{"line":46,"column":11},"end":{"line":46,"column":12}},"loc":{"start":{"line":46,"column":31},"end":{"line":50,"column":5}},"line":46},"8":{"name":"(anonymous_8)","decl":{"start":{"line":52,"column":63},"end":{"line":52,"column":64}},"loc":{"start":{"line":52,"column":79},"end":{"line":62,"column":3}},"line":52},"9":{"name":"(anonymous_9)","decl":{"start":{"line":55,"column":11},"end":{"line":55,"column":12}},"loc":{"start":{"line":55,"column":31},"end":{"line":61,"column":5}},"line":55},"10":{"name":"(anonymous_10)","decl":{"start":{"line":63,"column":84},"end":{"line":63,"column":85}},"loc":{"start":{"line":63,"column":100},"end":{"line":69,"column":3}},"line":63},"11":{"name":"(anonymous_11)","decl":{"start":{"line":64,"column":123},"end":{"line":64,"column":124}},"loc":{"start":{"line":64,"column":143},"end":{"line":68,"column":5}},"line":64},"12":{"name":"(anonymous_12)","decl":{"start":{"line":70,"column":74},"end":{"line":70,"column":75}},"loc":{"start":{"line":70,"column":90},"end":{"line":78,"column":3}},"line":70},"13":{"name":"(anonymous_13)","decl":{"start":{"line":73,"column":11},"end":{"line":73,"column":12}},"loc":{"start":{"line":73,"column":31},"end":{"line":77,"column":5}},"line":73},"14":{"name":"(anonymous_14)","decl":{"start":{"line":79,"column":62},"end":{"line":79,"column":63}},"loc":{"start":{"line":79,"column":78},"end":{"line":89,"column":3}},"line":79},"15":{"name":"(anonymous_15)","decl":{"start":{"line":82,"column":11},"end":{"line":82,"column":12}},"loc":{"start":{"line":82,"column":31},"end":{"line":88,"column":5}},"line":82},"16":{"name":"(anonymous_16)","decl":{"start":{"line":90,"column":84},"end":{"line":90,"column":85}},"loc":{"start":{"line":90,"column":100},"end":{"line":96,"column":3}},"line":90},"17":{"name":"(anonymous_17)","decl":{"start":{"line":91,"column":122},"end":{"line":91,"column":123}},"loc":{"start":{"line":91,"column":142},"end":{"line":95,"column":5}},"line":91},"18":{"name":"(anonymous_18)","decl":{"start":{"line":97,"column":73},"end":{"line":97,"column":74}},"loc":{"start":{"line":97,"column":89},"end":{"line":105,"column":3}},"line":97},"19":{"name":"(anonymous_19)","decl":{"start":{"line":100,"column":11},"end":{"line":100,"column":12}},"loc":{"start":{"line":100,"column":31},"end":{"line":104,"column":5}},"line":100},"20":{"name":"(anonymous_20)","decl":{"start":{"line":106,"column":84},"end":{"line":106,"column":85}},"loc":{"start":{"line":106,"column":100},"end":{"line":112,"column":3}},"line":106},"21":{"name":"(anonymous_21)","decl":{"start":{"line":107,"column":114},"end":{"line":107,"column":115}},"loc":{"start":{"line":107,"column":134},"end":{"line":111,"column":5}},"line":107},"22":{"name":"(anonymous_22)","decl":{"start":{"line":113,"column":52},"end":{"line":113,"column":53}},"loc":{"start":{"line":113,"column":68},"end":{"line":126,"column":3}},"line":113},"23":{"name":"(anonymous_23)","decl":{"start":{"line":118,"column":11},"end":{"line":118,"column":12}},"loc":{"start":{"line":118,"column":31},"end":{"line":125,"column":5}},"line":118},"24":{"name":"(anonymous_24)","decl":{"start":{"line":127,"column":73},"end":{"line":127,"column":74}},"loc":{"start":{"line":127,"column":89},"end":{"line":137,"column":3}},"line":127},"25":{"name":"(anonymous_25)","decl":{"start":{"line":132,"column":11},"end":{"line":132,"column":12}},"loc":{"start":{"line":132,"column":31},"end":{"line":136,"column":5}},"line":132},"26":{"name":"(anonymous_26)","decl":{"start":{"line":138,"column":74},"end":{"line":138,"column":75}},"loc":{"start":{"line":138,"column":90},"end":{"line":148,"column":3}},"line":138},"27":{"name":"(anonymous_27)","decl":{"start":{"line":143,"column":11},"end":{"line":143,"column":12}},"loc":{"start":{"line":143,"column":31},"end":{"line":147,"column":5}},"line":143},"28":{"name":"(anonymous_28)","decl":{"start":{"line":150,"column":84},"end":{"line":150,"column":85}},"loc":{"start":{"line":150,"column":100},"end":{"line":156,"column":3}},"line":150},"29":{"name":"(anonymous_29)","decl":{"start":{"line":151,"column":121},"end":{"line":151,"column":122}},"loc":{"start":{"line":151,"column":141},"end":{"line":155,"column":5}},"line":151},"30":{"name":"(anonymous_30)","decl":{"start":{"line":158,"column":61},"end":{"line":158,"column":62}},"loc":{"start":{"line":158,"column":77},"end":{"line":168,"column":3}},"line":158},"31":{"name":"(anonymous_31)","decl":{"start":{"line":161,"column":11},"end":{"line":161,"column":12}},"loc":{"start":{"line":161,"column":31},"end":{"line":167,"column":5}},"line":161}},"branchMap":{"0":{"loc":{"start":{"line":15,"column":46},"end":{"line":15,"column":92}},"type":"cond-expr","locations":[{"start":{"line":15,"column":70},"end":{"line":15,"column":73}},{"start":{"line":15,"column":76},"end":{"line":15,"column":92}}],"line":15},"1":{"loc":{"start":{"line":15,"column":46},"end":{"line":15,"column":67}},"type":"binary-expr","locations":[{"start":{"line":15,"column":46},"end":{"line":15,"column":49}},{"start":{"line":15,"column":53},"end":{"line":15,"column":67}}],"line":15}},"s":{"0":1,"1":1,"2":1,"3":1,"4":1,"5":1,"6":2,"7":1,"8":1,"9":1,"10":1,"11":1,"12":1,"13":1,"14":1,"15":1,"16":1,"17":1,"18":1,"19":1,"20":1,"21":1,"22":1,"23":1,"24":1,"25":1,"26":1,"27":1,"28":1,"29":1,"30":1,"31":1,"32":1,"33":1,"34":1,"35":1,"36":1,"37":1,"38":1,"39":1,"40":1,"41":1,"42":1,"43":1,"44":1,"45":1,"46":1,"47":1,"48":1,"49":1,"50":1,"51":1,"52":1,"53":1,"54":1,"55":1,"56":1,"57":1,"58":1,"59":1,"60":1,"61":1,"62":1,"63":1,"64":1,"65":1,"66":1,"67":1,"68":1,"69":1,"70":1,"71":1,"72":1,"73":1,"74":1,"75":1,"76":1,"77":1,"78":1,"79":1,"80":1,"81":1,"82":1,"83":1,"84":1,"85":1,"86":1,"87":1,"88":1,"89":1,"90":1,"91":1,"92":1},"f":{"0":2,"1":1,"2":1,"3":1,"4":1,"5":1,"6":1,"7":1,"8":1,"9":1,"10":1,"11":1,"12":1,"13":1,"14":1,"15":1,"16":1,"17":1,"18":1,"19":1,"20":1,"21":1,"22":1,"23":1,"24":1,"25":1,"26":1,"27":1,"28":1,"29":1,"30":1,"31":1},"b":{"0":[1,1],"1":[2,2]},"_coverageSchema":"43e27e138ebf9cfc5966b082cf9a028302ed4184","hash":"c514158e82254c6f246634b26c464c79765d79ca","contentHash":"b3b16a10faf3b06771a250d61ee67824"},"C:\\Users\\Dashboard\\bootcamp\\andela\\iReporter\\server\\test\\F-deleteIncidents.js":{"path":"C:\\Users\\Dashboard\\bootcamp\\andela\\iReporter\\server\\test\\F-deleteIncidents.js","statementMap":{"0":{"start":{"line":3,"column":13},"end":{"line":3,"column":29}},"1":{"start":{"line":5,"column":12},"end":{"line":5,"column":27}},"2":{"start":{"line":7,"column":16},"end":{"line":7,"column":36}},"3":{"start":{"line":9,"column":17},"end":{"line":9,"column":50}},"4":{"start":{"line":11,"column":11},"end":{"line":11,"column":28}},"5":{"start":{"line":13,"column":12},"end":{"line":13,"column":40}},"6":{"start":{"line":15,"column":39},"end":{"line":15,"column":93}},"7":{"start":{"line":17,"column":0},"end":{"line":17,"column":35}},"8":{"start":{"line":19,"column":12},"end":{"line":19,"column":18}},"9":{"start":{"line":20,"column":0},"end":{"line":56,"column":3}},"10":{"start":{"line":21,"column":2},"end":{"line":27,"column":5}},"11":{"start":{"line":22,"column":4},"end":{"line":26,"column":7}},"12":{"start":{"line":24,"column":6},"end":{"line":24,"column":37}},"13":{"start":{"line":25,"column":6},"end":{"line":25,"column":16}},"14":{"start":{"line":28,"column":2},"end":{"line":34,"column":5}},"15":{"start":{"line":29,"column":4},"end":{"line":33,"column":7}},"16":{"start":{"line":30,"column":6},"end":{"line":30,"column":42}},"17":{"start":{"line":31,"column":6},"end":{"line":31,"column":102}},"18":{"start":{"line":32,"column":6},"end":{"line":32,"column":16}},"19":{"start":{"line":35,"column":2},"end":{"line":41,"column":5}},"20":{"start":{"line":36,"column":4},"end":{"line":40,"column":7}},"21":{"start":{"line":37,"column":6},"end":{"line":37,"column":42}},"22":{"start":{"line":38,"column":6},"end":{"line":38,"column":112}},"23":{"start":{"line":39,"column":6},"end":{"line":39,"column":16}},"24":{"start":{"line":42,"column":2},"end":{"line":48,"column":5}},"25":{"start":{"line":43,"column":4},"end":{"line":47,"column":7}},"26":{"start":{"line":44,"column":6},"end":{"line":44,"column":42}},"27":{"start":{"line":45,"column":6},"end":{"line":45,"column":66}},"28":{"start":{"line":46,"column":6},"end":{"line":46,"column":16}},"29":{"start":{"line":49,"column":2},"end":{"line":55,"column":5}},"30":{"start":{"line":50,"column":4},"end":{"line":54,"column":7}},"31":{"start":{"line":51,"column":6},"end":{"line":51,"column":42}},"32":{"start":{"line":52,"column":6},"end":{"line":52,"column":83}},"33":{"start":{"line":53,"column":6},"end":{"line":53,"column":16}}},"fnMap":{"0":{"name":"_interopRequireDefault","decl":{"start":{"line":15,"column":9},"end":{"line":15,"column":31}},"loc":{"start":{"line":15,"column":37},"end":{"line":15,"column":95}},"line":15},"1":{"name":"(anonymous_1)","decl":{"start":{"line":20,"column":43},"end":{"line":20,"column":44}},"loc":{"start":{"line":20,"column":55},"end":{"line":56,"column":1}},"line":20},"2":{"name":"(anonymous_2)","decl":{"start":{"line":21,"column":21},"end":{"line":21,"column":22}},"loc":{"start":{"line":21,"column":37},"end":{"line":27,"column":3}},"line":21},"3":{"name":"(anonymous_3)","decl":{"start":{"line":22,"column":124},"end":{"line":22,"column":125}},"loc":{"start":{"line":22,"column":144},"end":{"line":26,"column":5}},"line":22},"4":{"name":"(anonymous_4)","decl":{"start":{"line":28,"column":73},"end":{"line":28,"column":74}},"loc":{"start":{"line":28,"column":89},"end":{"line":34,"column":3}},"line":28},"5":{"name":"(anonymous_5)","decl":{"start":{"line":29,"column":135},"end":{"line":29,"column":136}},"loc":{"start":{"line":29,"column":155},"end":{"line":33,"column":5}},"line":29},"6":{"name":"(anonymous_6)","decl":{"start":{"line":35,"column":84},"end":{"line":35,"column":85}},"loc":{"start":{"line":35,"column":100},"end":{"line":41,"column":3}},"line":35},"7":{"name":"(anonymous_7)","decl":{"start":{"line":36,"column":97},"end":{"line":36,"column":98}},"loc":{"start":{"line":36,"column":117},"end":{"line":40,"column":5}},"line":36},"8":{"name":"(anonymous_8)","decl":{"start":{"line":42,"column":84},"end":{"line":42,"column":85}},"loc":{"start":{"line":42,"column":100},"end":{"line":48,"column":3}},"line":42},"9":{"name":"(anonymous_9)","decl":{"start":{"line":43,"column":115},"end":{"line":43,"column":116}},"loc":{"start":{"line":43,"column":135},"end":{"line":47,"column":5}},"line":43},"10":{"name":"(anonymous_10)","decl":{"start":{"line":49,"column":52},"end":{"line":49,"column":53}},"loc":{"start":{"line":49,"column":68},"end":{"line":55,"column":3}},"line":49},"11":{"name":"(anonymous_11)","decl":{"start":{"line":50,"column":112},"end":{"line":50,"column":113}},"loc":{"start":{"line":50,"column":132},"end":{"line":54,"column":5}},"line":50}},"branchMap":{"0":{"loc":{"start":{"line":15,"column":46},"end":{"line":15,"column":92}},"type":"cond-expr","locations":[{"start":{"line":15,"column":70},"end":{"line":15,"column":73}},{"start":{"line":15,"column":76},"end":{"line":15,"column":92}}],"line":15},"1":{"loc":{"start":{"line":15,"column":46},"end":{"line":15,"column":67}},"type":"binary-expr","locations":[{"start":{"line":15,"column":46},"end":{"line":15,"column":49}},{"start":{"line":15,"column":53},"end":{"line":15,"column":67}}],"line":15}},"s":{"0":1,"1":1,"2":1,"3":1,"4":1,"5":1,"6":2,"7":1,"8":1,"9":1,"10":1,"11":1,"12":1,"13":1,"14":1,"15":1,"16":1,"17":1,"18":1,"19":1,"20":1,"21":1,"22":1,"23":1,"24":1,"25":1,"26":1,"27":1,"28":1,"29":1,"30":1,"31":1,"32":1,"33":1},"f":{"0":2,"1":1,"2":1,"3":1,"4":1,"5":1,"6":1,"7":1,"8":1,"9":1,"10":1,"11":1},"b":{"0":[1,1],"1":[2,2]},"_coverageSchema":"43e27e138ebf9cfc5966b082cf9a028302ed4184","hash":"a4ee06626df3f6976369c1eb0f4e40d2892f9734","contentHash":"1844529a7e651fa77442b9ca971d51b9"}}